#
# There is insufficient memory for the Java Runtime Environment to continue.
# Native memory allocation (mmap) failed to map 144703488 bytes for committing reserved memory.
# Possible reasons:
#   The system is out of physical RAM or swap space
#   In 32 bit mode, the process size limit was hit
# Possible solutions:
#   Reduce memory load on the system
#   Increase physical memory or swap space
#   Check if swap backing store is full
#   Use 64 bit Java on a 64 bit OS
#   Decrease Java heap size (-Xmx/-Xms)
#   Decrease number of Java threads
#   Decrease Java thread stack sizes (-Xss)
#   Set larger code cache with -XX:ReservedCodeCacheSize=
# This output file may be truncated or incomplete.
#
#  Out of Memory Error (os_linux.cpp:2627), pid=29153, tid=0x00007f7b477d6700
#
# JRE version: Java(TM) SE Runtime Environment (8.0_101-b13) (build 1.8.0_101-b13)
# Java VM: Java HotSpot(TM) 64-Bit Server VM (25.101-b13 mixed mode linux-amd64 compressed oops)
# Failed to write core dump. Core dumps have been disabled. To enable core dumping, try "ulimit -c unlimited" before starting Java again
#

---------------  T H R E A D  ---------------

Current thread (0x00007f7b68077800):  VMThread [stack: 0x00007f7b476d6000,0x00007f7b477d7000] [id=29186]

Stack: [0x00007f7b476d6000,0x00007f7b477d7000],  sp=0x00007f7b477d5060,  free space=1020k
Native frames: (J=compiled Java code, j=interpreted, Vv=VM code, C=native code)
V  [libjvm.so+0xac3f0a]  VMError::report_and_die()+0x2ba
V  [libjvm.so+0x4fbf9b]  report_vm_out_of_memory(char const*, int, unsigned long, VMErrorType, char const*)+0x8b
V  [libjvm.so+0x9222d3]  os::Linux::commit_memory_impl(char*, unsigned long, bool)+0x103
V  [libjvm.so+0x922829]  os::pd_commit_memory(char*, unsigned long, unsigned long, bool)+0x29
V  [libjvm.so+0x91cb2a]  os::commit_memory(char*, unsigned long, unsigned long, bool)+0x2a
V  [libjvm.so+0x991053]  PSVirtualSpace::expand_by(unsigned long)+0x53
V  [libjvm.so+0x992458]  PSYoungGen::resize_generation(unsigned long, unsigned long)+0xf8
V  [libjvm.so+0x9915b2]  PSYoungGen::resize(unsigned long, unsigned long)+0x22
V  [libjvm.so+0x98e88b]  PSScavenge::invoke_no_policy()+0xf3b
V  [libjvm.so+0x98f011]  PSScavenge::invoke()+0x41
V  [libjvm.so+0x945fc0]  ParallelScavengeHeap::failed_mem_allocate(unsigned long)+0x70
V  [libjvm.so+0xac5927]  VM_ParallelGCFailedAllocation::doit()+0x97
V  [libjvm.so+0xacd405]  VM_Operation::evaluate()+0x55
V  [libjvm.so+0xacb7da]  VMThread::evaluate_operation(VM_Operation*)+0xba
V  [libjvm.so+0xacbb5e]  VMThread::loop()+0x1ce
V  [libjvm.so+0xacbfd0]  VMThread::run()+0x70
V  [libjvm.so+0x924698]  java_start(Thread*)+0x108

VM_Operation (0x00007f7b71e87a90): ParallelGCFailedAllocation, mode: safepoint, requested by thread 0x00007f7b6800a000


---------------  P R O C E S S  ---------------

Java Threads: ( => current thread )
  0x00007f7b680ea800 JavaThread "Service Thread" daemon [_thread_blocked, id=29212, stack(0x00007f7b468ed000,0x00007f7b469ee000)]
  0x00007f7b680bd800 JavaThread "C1 CompilerThread2" daemon [_thread_blocked, id=29211, stack(0x00007f7b469ee000,0x00007f7b46aef000)]
  0x00007f7b680bb800 JavaThread "C2 CompilerThread1" daemon [_thread_blocked, id=29210, stack(0x00007f7b46aef000,0x00007f7b46bf0000)]
  0x00007f7b680b8800 JavaThread "C2 CompilerThread0" daemon [_thread_blocked, id=29209, stack(0x00007f7b46bf0000,0x00007f7b46cf1000)]
  0x00007f7b680b7000 JavaThread "Signal Dispatcher" daemon [_thread_blocked, id=29208, stack(0x00007f7b46cf1000,0x00007f7b46df2000)]
  0x00007f7b68084000 JavaThread "Finalizer" daemon [_thread_blocked, id=29189, stack(0x00007f7b474d4000,0x00007f7b475d5000)]
  0x00007f7b6807f800 JavaThread "Reference Handler" daemon [_thread_blocked, id=29187, stack(0x00007f7b475d5000,0x00007f7b476d6000)]
  0x00007f7b6800a000 JavaThread "main" [_thread_blocked, id=29165, stack(0x00007f7b71d89000,0x00007f7b71e8a000)]

Other Threads:
=>0x00007f7b68077800 VMThread [stack: 0x00007f7b476d6000,0x00007f7b477d7000] [id=29186]
  0x00007f7b680ed800 WatcherThread [stack: 0x00007f7b467ec000,0x00007f7b468ed000] [id=29213]

VM state:at safepoint (normal execution)

VM Mutex/Monitor currently owned by a thread:  ([mutex/lock_event])
[0x00007f7b68006470] Threads_lock - owner thread: 0x00007f7b68077800
[0x00007f7b68006970] Heap_lock - owner thread: 0x00007f7b6800a000

Heap:
 PSYoungGen      total 134144K, used 13285K [0x00000000eab00000, 0x00000000f3d00000, 0x0000000100000000)
  eden space 120832K, 0% used [0x00000000eab00000,0x00000000eab00000,0x00000000f2100000)
  from space 13312K, 99% used [0x00000000f2100000,0x00000000f2df96b8,0x00000000f2e00000)
  to   space 11264K, 0% used [0x00000000f2e00000,0x00000000f2e00000,0x00000000f3900000)
 ParOldGen       total 41472K, used 41236K [0x00000000c0000000, 0x00000000c2880000, 0x00000000eab00000)
  object space 41472K, 99% used [0x00000000c0000000,0x00000000c28450d8,0x00000000c2880000)
 Metaspace       used 6053K, capacity 7152K, committed 7296K, reserved 1056768K
  class space    used 571K, capacity 616K, committed 640K, reserved 1048576K

Card table byte_map: [0x00007f7b6e942000,0x00007f7b6eb43000] byte_map_base: 0x00007f7b6e342000

Marking Bits: (ParMarkBitMap*) 0x00007f7b71263120
 Begin Bits: [0x00007f7b6c3e8000, 0x00007f7b6d3e8000)
 End Bits:   [0x00007f7b6d3e8000, 0x00007f7b6e3e8000)

Polling page: 0x00007f7b71eac000

CodeCache: size=245760Kb used=7611Kb max_used=7611Kb free=238148Kb
 bounds [0x00007f7b59000000, 0x00007f7b59780000, 0x00007f7b68000000]
 total_blobs=2080 nmethods=1817 adapters=178
 compilation: enabled

Compilation events (10 events):
Event: 15.845 Thread 0x00007f7b680bd800 1902       2       sun.util.calendar.BaseCalendar::getFixedDate (36 bytes)
Event: 15.846 Thread 0x00007f7b680bd800 nmethod 1902 0x00007f7b59768090 code [0x00007f7b59768220, 0x00007f7b59768488]
Event: 15.846 Thread 0x00007f7b680bd800 1903       2       sun.util.calendar.BaseCalendar::normalizeMonth (117 bytes)
Event: 15.847 Thread 0x00007f7b680bd800 nmethod 1903 0x00007f7b59771290 code [0x00007f7b59771420, 0x00007f7b597717e8]
Event: 15.847 Thread 0x00007f7b680bd800 1904       2       sun.util.calendar.BaseCalendar::getFixedDate (324 bytes)
Event: 15.894 Thread 0x00007f7b680bd800 nmethod 1904 0x00007f7b597719d0 code [0x00007f7b59771ba0, 0x00007f7b597727d0]
Event: 15.894 Thread 0x00007f7b680bd800 1907       2       sun.util.calendar.AbstractCalendar::setTimeOfDay (116 bytes)
Event: 15.895 Thread 0x00007f7b680bd800 nmethod 1907 0x00007f7b59773610 code [0x00007f7b59773780, 0x00007f7b59773b08]
Event: 15.895 Thread 0x00007f7b680bd800 1905       2       sun.util.calendar.BaseCalendar$Date::hit (14 bytes)
Event: 15.895 Thread 0x00007f7b680bd800 nmethod 1905 0x00007f7b59773d90 code [0x00007f7b59773ee0, 0x00007f7b59774050]

GC Heap History (10 events):
Event: 3.622 GC heap after
Heap after GC invocations=2 (full 0):
 PSYoungGen      total 33280K, used 2537K [0x00000000eab00000, 0x00000000ece00000, 0x0000000100000000)
  eden space 30720K, 0% used [0x00000000eab00000,0x00000000eab00000,0x00000000ec900000)
  from space 2560K, 99% used [0x00000000ecb80000,0x00000000ecdfa600,0x00000000ece00000)
  to   space 2560K, 0% used [0x00000000ec900000,0x00000000ec900000,0x00000000ecb80000)
 ParOldGen       total 40960K, used 5319K [0x00000000c0000000, 0x00000000c2800000, 0x00000000eab00000)
  object space 40960K, 12% used [0x00000000c0000000,0x00000000c0531d58,0x00000000c2800000)
 Metaspace       used 5656K, capacity 6896K, committed 7040K, reserved 1056768K
  class space    used 551K, capacity 616K, committed 640K, reserved 1048576K
}
Event: 4.854 GC heap before
{Heap before GC invocations=3 (full 0):
 PSYoungGen      total 33280K, used 33257K [0x00000000eab00000, 0x00000000ece00000, 0x0000000100000000)
  eden space 30720K, 100% used [0x00000000eab00000,0x00000000ec900000,0x00000000ec900000)
  from space 2560K, 99% used [0x00000000ecb80000,0x00000000ecdfa600,0x00000000ece00000)
  to   space 2560K, 0% used [0x00000000ec900000,0x00000000ec900000,0x00000000ecb80000)
 ParOldGen       total 40960K, used 5319K [0x00000000c0000000, 0x00000000c2800000, 0x00000000eab00000)
  object space 40960K, 12% used [0x00000000c0000000,0x00000000c0531d58,0x00000000c2800000)
 Metaspace       used 5731K, capacity 6960K, committed 7040K, reserved 1056768K
  class space    used 552K, capacity 616K, committed 640K, reserved 1048576K
Event: 4.943 GC heap after
Heap after GC invocations=3 (full 0):
 PSYoungGen      total 33280K, used 2547K [0x00000000eab00000, 0x00000000eec00000, 0x0000000100000000)
  eden space 30720K, 0% used [0x00000000eab00000,0x00000000eab00000,0x00000000ec900000)
  from space 2560K, 99% used [0x00000000ec900000,0x00000000ecb7cc08,0x00000000ecb80000)
  to   space 2560K, 0% used [0x00000000ee980000,0x00000000ee980000,0x00000000eec00000)
 ParOldGen       total 40960K, used 9353K [0x00000000c0000000, 0x00000000c2800000, 0x00000000eab00000)
  object space 40960K, 22% used [0x00000000c0000000,0x00000000c09225c8,0x00000000c2800000)
 Metaspace       used 5731K, capacity 6960K, committed 7040K, reserved 1056768K
  class space    used 552K, capacity 616K, committed 640K, reserved 1048576K
}
Event: 6.077 GC heap before
{Heap before GC invocations=4 (full 0):
 PSYoungGen      total 33280K, used 33267K [0x00000000eab00000, 0x00000000eec00000, 0x0000000100000000)
  eden space 30720K, 100% used [0x00000000eab00000,0x00000000ec900000,0x00000000ec900000)
  from space 2560K, 99% used [0x00000000ec900000,0x00000000ecb7cc08,0x00000000ecb80000)
  to   space 2560K, 0% used [0x00000000ee980000,0x00000000ee980000,0x00000000eec00000)
 ParOldGen       total 40960K, used 9353K [0x00000000c0000000, 0x00000000c2800000, 0x00000000eab00000)
  object space 40960K, 22% used [0x00000000c0000000,0x00000000c09225c8,0x00000000c2800000)
 Metaspace       used 5793K, capacity 7024K, committed 7296K, reserved 1056768K
  class space    used 552K, capacity 616K, committed 640K, reserved 1048576K
Event: 6.136 GC heap after
Heap after GC invocations=4 (full 0):
 PSYoungGen      total 64000K, used 2548K [0x00000000eab00000, 0x00000000eec00000, 0x0000000100000000)
  eden space 61440K, 0% used [0x00000000eab00000,0x00000000eab00000,0x00000000ee700000)
  from space 2560K, 99% used [0x00000000ee980000,0x00000000eebfd0e8,0x00000000eec00000)
  to   space 2560K, 0% used [0x00000000ee700000,0x00000000ee700000,0x00000000ee980000)
 ParOldGen       total 40960K, used 14115K [0x00000000c0000000, 0x00000000c2800000, 0x00000000eab00000)
  object space 40960K, 34% used [0x00000000c0000000,0x00000000c0dc8c10,0x00000000c2800000)
 Metaspace       used 5793K, capacity 7024K, committed 7296K, reserved 1056768K
  class space    used 552K, capacity 616K, committed 640K, reserved 1048576K
}
Event: 8.501 GC heap before
{Heap before GC invocations=5 (full 0):
 PSYoungGen      total 64000K, used 63988K [0x00000000eab00000, 0x00000000eec00000, 0x0000000100000000)
  eden space 61440K, 100% used [0x00000000eab00000,0x00000000ee700000,0x00000000ee700000)
  from space 2560K, 99% used [0x00000000ee980000,0x00000000eebfd0e8,0x00000000eec00000)
  to   space 2560K, 0% used [0x00000000ee700000,0x00000000ee700000,0x00000000ee980000)
 ParOldGen       total 40960K, used 14115K [0x00000000c0000000, 0x00000000c2800000, 0x00000000eab00000)
  object space 40960K, 34% used [0x00000000c0000000,0x00000000c0dc8c10,0x00000000c2800000)
 Metaspace       used 5847K, capacity 7088K, committed 7296K, reserved 1056768K
  class space    used 552K, capacity 616K, committed 640K, reserved 1048576K
Event: 8.604 GC heap after
Heap after GC invocations=5 (full 0):
 PSYoungGen      total 64000K, used 2556K [0x00000000eab00000, 0x00000000f3900000, 0x0000000100000000)
  eden space 61440K, 0% used [0x00000000eab00000,0x00000000eab00000,0x00000000ee700000)
  from space 2560K, 99% used [0x00000000ee700000,0x00000000ee97f040,0x00000000ee980000)
  to   space 11264K, 0% used [0x00000000f2e00000,0x00000000f2e00000,0x00000000f3900000)
 ParOldGen       total 40960K, used 22361K [0x00000000c0000000, 0x00000000c2800000, 0x00000000eab00000)
  object space 40960K, 54% used [0x00000000c0000000,0x00000000c15d67c8,0x00000000c2800000)
 Metaspace       used 5847K, capacity 7088K, committed 7296K, reserved 1056768K
  class space    used 552K, capacity 616K, committed 640K, reserved 1048576K
}
Event: 11.232 GC heap before
{Heap before GC invocations=6 (full 0):
 PSYoungGen      total 64000K, used 63996K [0x00000000eab00000, 0x00000000f3900000, 0x0000000100000000)
  eden space 61440K, 100% used [0x00000000eab00000,0x00000000ee700000,0x00000000ee700000)
  from space 2560K, 99% used [0x00000000ee700000,0x00000000ee97f040,0x00000000ee980000)
  to   space 11264K, 0% used [0x00000000f2e00000,0x00000000f2e00000,0x00000000f3900000)
 ParOldGen       total 40960K, used 22361K [0x00000000c0000000, 0x00000000c2800000, 0x00000000eab00000)
  object space 40960K, 54% used [0x00000000c0000000,0x00000000c15d67c8,0x00000000c2800000)
 Metaspace       used 5884K, capacity 7088K, committed 7296K, reserved 1056768K
  class space    used 552K, capacity 616K, committed 640K, reserved 1048576K
Event: 11.455 GC heap after
Heap after GC invocations=6 (full 0):
 PSYoungGen      total 132096K, used 11262K [0x00000000eab00000, 0x00000000f3d00000, 0x0000000100000000)
  eden space 120832K, 0% used [0x00000000eab00000,0x00000000eab00000,0x00000000f2100000)
  from space 11264K, 99% used [0x00000000f2e00000,0x00000000f38ffa68,0x00000000f3900000)
  to   space 13312K, 0% used [0x00000000f2100000,0x00000000f2100000,0x00000000f2e00000)
 ParOldGen       total 40960K, used 23217K [0x00000000c0000000, 0x00000000c2800000, 0x00000000eab00000)
  object space 40960K, 56% used [0x00000000c0000000,0x00000000c16ac5e0,0x00000000c2800000)
 Metaspace       used 5884K, capacity 7088K, committed 7296K, reserved 1056768K
  class space    used 552K, capacity 616K, committed 640K, reserved 1048576K
}
Event: 15.900 GC heap before
{Heap before GC invocations=7 (full 0):
 PSYoungGen      total 132096K, used 132094K [0x00000000eab00000, 0x00000000f3d00000, 0x0000000100000000)
  eden space 120832K, 100% used [0x00000000eab00000,0x00000000f2100000,0x00000000f2100000)
  from space 11264K, 99% used [0x00000000f2e00000,0x00000000f38ffa68,0x00000000f3900000)
  to   space 13312K, 0% used [0x00000000f2100000,0x00000000f2100000,0x00000000f2e00000)
 ParOldGen       total 40960K, used 23217K [0x00000000c0000000, 0x00000000c2800000, 0x00000000eab00000)
  object space 40960K, 56% used [0x00000000c0000000,0x00000000c16ac5e0,0x00000000c2800000)
 Metaspace       used 6053K, capacity 7152K, committed 7296K, reserved 1056768K
  class space    used 571K, capacity 616K, committed 640K, reserved 1048576K

Deoptimization events (10 events):
Event: 11.099 Thread 0x00007f7b6800a000 Uncommon trap: reason=bimorphic action=maybe_recompile pc=0x00007f7b5960cd34 method=com.android.dx.ssa.SCCP.simulatePhi(Lcom/android/dx/ssa/PhiInsn;)V @ 124
Event: 11.099 Thread 0x00007f7b6800a000 Uncommon trap: reason=uninitialized action=reinterpret pc=0x00007f7b5963c340 method=com.android.dx.cf.code.BytecodeArray.parseInstruction(ILcom/android/dx/cf/code/BytecodeArray$Visitor;)I @ 1031
Event: 11.100 Thread 0x00007f7b6800a000 Uncommon trap: reason=bimorphic action=maybe_recompile pc=0x00007f7b5960cd34 method=com.android.dx.ssa.SCCP.simulatePhi(Lcom/android/dx/ssa/PhiInsn;)V @ 124
Event: 11.109 Thread 0x00007f7b6800a000 Uncommon trap: reason=bimorphic action=maybe_recompile pc=0x00007f7b5960cd34 method=com.android.dx.ssa.SCCP.simulatePhi(Lcom/android/dx/ssa/PhiInsn;)V @ 124
Event: 11.216 Thread 0x00007f7b6800a000 Uncommon trap: reason=bimorphic action=maybe_recompile pc=0x00007f7b596520b4 method=com.android.dx.rop.code.RegisterSpec.withSimpleType()Lcom/android/dx/rop/code/RegisterSpec; @ 21
Event: 11.468 Thread 0x00007f7b6800a000 Uncommon trap: reason=bimorphic action=maybe_recompile pc=0x00007f7b5960cd34 method=com.android.dx.ssa.SCCP.simulatePhi(Lcom/android/dx/ssa/PhiInsn;)V @ 124
Event: 14.746 Thread 0x00007f7b6800a000 Uncommon trap: reason=unstable_if action=reinterpret pc=0x00007f7b59340654 method=java.util.HashMap.putVal(ILjava/lang/Object;Ljava/lang/Object;ZZ)Ljava/lang/Object; @ 162
Event: 14.751 Thread 0x00007f7b6800a000 Uncommon trap: reason=unstable_if action=reinterpret pc=0x00007f7b5961c2a8 method=java.util.HashMap.getNode(ILjava/lang/Object;)Ljava/util/HashMap$Node; @ 84
Event: 15.050 Thread 0x00007f7b6800a000 Uncommon trap: reason=unstable_if action=reinterpret pc=0x00007f7b5972aca4 method=com.android.dx.rop.code.LocalVariableExtractor.processBlock(I)V @ 208
Event: 15.520 Thread 0x00007f7b6800a000 Uncommon trap: reason=unstable_if action=reinterpret pc=0x00007f7b59401d7c method=com.android.dx.ssa.SsaMethod.updateOneDefinition(Lcom/android/dx/ssa/SsaInsn;Lcom/android/dx/rop/code/RegisterSpec;)V @ 4

Internal exceptions (6 events):
Event: 0.084 Thread 0x00007f7b6800a000 Exception <a 'java/lang/NoSuchMethodError': Method sun.misc.Unsafe.defineClass(Ljava/lang/String;[BII)Ljava/lang/Class; name or signature does not match> (0x00000000eab07cc0) thrown at [/HUDSON3/workspace/8-2-build-linux-amd64/jdk8u101/7261/hotspot/src/sh
Event: 0.084 Thread 0x00007f7b6800a000 Exception <a 'java/lang/NoSuchMethodError': Method sun.misc.Unsafe.prefetchRead(Ljava/lang/Object;J)V name or signature does not match> (0x00000000eab07fa8) thrown at [/HUDSON3/workspace/8-2-build-linux-amd64/jdk8u101/7261/hotspot/src/share/vm/prims/jni.c
Event: 6.559 Thread 0x00007f7b6800a000 Implicit null exception at 0x00007f7b5947ec72 to 0x00007f7b594801f1
Event: 14.748 Thread 0x00007f7b6800a000 Exception <a 'java/lang/ArrayIndexOutOfBoundsException': 18> (0x00000000f0a16350) thrown at [/HUDSON3/workspace/8-2-build-linux-amd64/jdk8u101/7261/hotspot/src/share/vm/interpreter/interpreterRuntime.cpp, line 366]
Event: 14.749 Thread 0x00007f7b6800a000 Exception <a 'java/lang/ArrayIndexOutOfBoundsException': 145> (0x00000000f0a17ed0) thrown at [/HUDSON3/workspace/8-2-build-linux-amd64/jdk8u101/7261/hotspot/src/share/vm/interpreter/interpreterRuntime.cpp, line 366]
Event: 14.750 Thread 0x00007f7b6800a000 Exception <a 'java/lang/ArrayIndexOutOfBoundsException'> (0x00000000f0a191b8) thrown at [/HUDSON3/workspace/8-2-build-linux-amd64/jdk8u101/7261/hotspot/src/share/vm/runtime/sharedRuntime.cpp, line 605]

Events (10 events):
Event: 15.050 Thread 0x00007f7b6800a000 DEOPT PACKING pc=0x00007f7b5972aca4 sp=0x00007f7b71e87d40
Event: 15.050 Thread 0x00007f7b6800a000 DEOPT UNPACKING pc=0x00007f7b59005229 sp=0x00007f7b71e87d08 mode 2
Event: 15.114 Thread 0x00007f7b6800a000 DEOPT PACKING pc=0x00007f7b594bb7a9 sp=0x00007f7b71e87bd0
Event: 15.114 Thread 0x00007f7b6800a000 DEOPT UNPACKING pc=0x00007f7b59047233 sp=0x00007f7b71e87958 mode 0
Event: 15.517 loading class com/android/dx/rop/code/RegOps
Event: 15.517 loading class com/android/dx/rop/code/RegOps done
Event: 15.520 Thread 0x00007f7b6800a000 Uncommon trap: trap_request=0xffffff65 fr.pc=0x00007f7b59401d7c
Event: 15.520 Thread 0x00007f7b6800a000 DEOPT PACKING pc=0x00007f7b59401d7c sp=0x00007f7b71e878f0
Event: 15.520 Thread 0x00007f7b6800a000 DEOPT UNPACKING pc=0x00007f7b59005229 sp=0x00007f7b71e878b8 mode 2
Event: 15.900 Executing VM operation: ParallelGCFailedAllocation


Dynamic libraries:
00400000-00401000 r-xp 00000000 08:02 152432                             /usr/java/jdk1.8.0_101/bin/java
00600000-00601000 rw-p 00000000 08:02 152432                             /usr/java/jdk1.8.0_101/bin/java
00e18000-00e39000 rw-p 00000000 00:00 0                                  [heap]
c0000000-c2880000 rw-p 00000000 00:00 0 
c2880000-eab00000 ---p 00000000 00:00 0 
eab00000-f3d00000 rw-p 00000000 00:00 0 
fc700000-100000000 ---p 00000000 00:00 0 
100000000-1000a0000 rw-p 00000000 00:00 0 
1000a0000-140000000 ---p 00000000 00:00 0 
7f7b20000000-7f7b20021000 rw-p 00000000 00:00 0 
7f7b20021000-7f7b24000000 ---p 00000000 00:00 0 
7f7b24000000-7f7b24021000 rw-p 00000000 00:00 0 
7f7b24021000-7f7b28000000 ---p 00000000 00:00 0 
7f7b28000000-7f7b28d89000 rw-p 00000000 00:00 0 
7f7b28d89000-7f7b2c000000 ---p 00000000 00:00 0 
7f7b2c000000-7f7b2c7c6000 rw-p 00000000 00:00 0 
7f7b2c7c6000-7f7b30000000 ---p 00000000 00:00 0 
7f7b30000000-7f7b30021000 rw-p 00000000 00:00 0 
7f7b30021000-7f7b34000000 ---p 00000000 00:00 0 
7f7b34000000-7f7b34d22000 rw-p 00000000 00:00 0 
7f7b34d22000-7f7b38000000 ---p 00000000 00:00 0 
7f7b38000000-7f7b38021000 rw-p 00000000 00:00 0 
7f7b38021000-7f7b3c000000 ---p 00000000 00:00 0 
7f7b3c000000-7f7b3c021000 rw-p 00000000 00:00 0 
7f7b3c021000-7f7b40000000 ---p 00000000 00:00 0 
7f7b40000000-7f7b4028d000 rw-p 00000000 00:00 0 
7f7b4028d000-7f7b44000000 ---p 00000000 00:00 0 
7f7b467c1000-7f7b467dd000 r--s 00103000 08:02 6162400                    /home/david/.gradle/caches/modules-2/files-2.1/org.mockito/mockito-core/1.10.19/e8546f5bef4e061d8dd73895b4e8f40e3fe6effe/mockito-core-1.10.19.jar
7f7b467dd000-7f7b467ec000 r--s 000dd000 08:02 1840355                    /home/david/Android/Sdk/build-tools/22.0.1/lib/dx.jar
7f7b467ec000-7f7b467ed000 ---p 00000000 00:00 0 
7f7b467ed000-7f7b468ed000 rw-p 00000000 00:00 0 
7f7b468ed000-7f7b468f0000 ---p 00000000 00:00 0 
7f7b468f0000-7f7b469ee000 rw-p 00000000 00:00 0 
7f7b469ee000-7f7b469f1000 ---p 00000000 00:00 0 
7f7b469f1000-7f7b46aef000 rw-p 00000000 00:00 0 
7f7b46aef000-7f7b46af2000 ---p 00000000 00:00 0 
7f7b46af2000-7f7b46bf0000 rw-p 00000000 00:00 0 
7f7b46bf0000-7f7b46bf3000 ---p 00000000 00:00 0 
7f7b46bf3000-7f7b46cf1000 rw-p 00000000 00:00 0 
7f7b46cf1000-7f7b46cf4000 ---p 00000000 00:00 0 
7f7b46cf4000-7f7b46df2000 rw-p 00000000 00:00 0 
7f7b46df2000-7f7b474d4000 r--p 00000000 08:02 6429702                    /usr/lib/locale/locale-archive
7f7b474d4000-7f7b474d7000 ---p 00000000 00:00 0 
7f7b474d7000-7f7b475d5000 rw-p 00000000 00:00 0 
7f7b475d5000-7f7b475d8000 ---p 00000000 00:00 0 
7f7b475d8000-7f7b476d6000 rw-p 00000000 00:00 0 
7f7b476d6000-7f7b476d7000 ---p 00000000 00:00 0 
7f7b476d7000-7f7b48000000 rw-p 00000000 00:00 0 
7f7b48000000-7f7b48021000 rw-p 00000000 00:00 0 
7f7b48021000-7f7b4c000000 ---p 00000000 00:00 0 
7f7b4c000000-7f7b4c021000 rw-p 00000000 00:00 0 
7f7b4c021000-7f7b50000000 ---p 00000000 00:00 0 
7f7b50000000-7f7b50021000 rw-p 00000000 00:00 0 
7f7b50021000-7f7b54000000 ---p 00000000 00:00 0 
7f7b54000000-7f7b54021000 rw-p 00000000 00:00 0 
7f7b54021000-7f7b58000000 ---p 00000000 00:00 0 
7f7b58000000-7f7b58627000 rw-p 00000000 00:00 0 
7f7b58627000-7f7b58800000 r--s 03d29000 08:02 152506                     /usr/java/jdk1.8.0_101/jre/lib/rt.jar
7f7b58800000-7f7b58e80000 rw-p 00000000 00:00 0 
7f7b58e80000-7f7b59000000 ---p 00000000 00:00 0 
7f7b59000000-7f7b59780000 rwxp 00000000 00:00 0 
7f7b59780000-7f7b68000000 ---p 00000000 00:00 0 
7f7b68000000-7f7b683b1000 rw-p 00000000 00:00 0 
7f7b683b1000-7f7b6c000000 ---p 00000000 00:00 0 
7f7b6c00e000-7f7b6e3e8000 rw-p 00000000 00:00 0 
7f7b6e3e8000-7f7b6e3e9000 ---p 00000000 00:00 0 
7f7b6e3e9000-7f7b6e4e9000 rw-p 00000000 00:00 0 
7f7b6e4e9000-7f7b6e4ea000 ---p 00000000 00:00 0 
7f7b6e4ea000-7f7b6e5ea000 rw-p 00000000 00:00 0 
7f7b6e5ea000-7f7b6e5eb000 ---p 00000000 00:00 0 
7f7b6e5eb000-7f7b6e6eb000 rw-p 00000000 00:00 0 
7f7b6e6eb000-7f7b6e6ec000 ---p 00000000 00:00 0 
7f7b6e6ec000-7f7b6e801000 rw-p 00000000 00:00 0 
7f7b6e801000-7f7b6e942000 ---p 00000000 00:00 0 
7f7b6e942000-7f7b6e957000 rw-p 00000000 00:00 0 
7f7b6e957000-7f7b6ea97000 ---p 00000000 00:00 0 
7f7b6ea97000-7f7b6eae1000 rw-p 00000000 00:00 0 
7f7b6eae1000-7f7b6eb42000 ---p 00000000 00:00 0 
7f7b6eb42000-7f7b6eb61000 rw-p 00000000 00:00 0 
7f7b6eb61000-7f7b6ef03000 ---p 00000000 00:00 0 
7f7b6ef03000-7f7b6ef1d000 r-xp 00000000 08:02 152535                     /usr/java/jdk1.8.0_101/jre/lib/amd64/libzip.so
7f7b6ef1d000-7f7b6f11d000 ---p 0001a000 08:02 152535                     /usr/java/jdk1.8.0_101/jre/lib/amd64/libzip.so
7f7b6f11d000-7f7b6f11e000 rw-p 0001a000 08:02 152535                     /usr/java/jdk1.8.0_101/jre/lib/amd64/libzip.so
7f7b6f11e000-7f7b6f128000 r-xp 00000000 08:02 3932346                    /lib/x86_64-linux-gnu/libnss_files-2.19.so
7f7b6f128000-7f7b6f327000 ---p 0000a000 08:02 3932346                    /lib/x86_64-linux-gnu/libnss_files-2.19.so
7f7b6f327000-7f7b6f328000 r--p 00009000 08:02 3932346                    /lib/x86_64-linux-gnu/libnss_files-2.19.so
7f7b6f328000-7f7b6f329000 rw-p 0000a000 08:02 3932346                    /lib/x86_64-linux-gnu/libnss_files-2.19.so
7f7b6f329000-7f7b6f334000 r-xp 00000000 08:02 3932338                    /lib/x86_64-linux-gnu/libnss_nis-2.19.so
7f7b6f334000-7f7b6f533000 ---p 0000b000 08:02 3932338                    /lib/x86_64-linux-gnu/libnss_nis-2.19.so
7f7b6f533000-7f7b6f534000 r--p 0000a000 08:02 3932338                    /lib/x86_64-linux-gnu/libnss_nis-2.19.so
7f7b6f534000-7f7b6f535000 rw-p 0000b000 08:02 3932338                    /lib/x86_64-linux-gnu/libnss_nis-2.19.so
7f7b6f535000-7f7b6f54c000 r-xp 00000000 08:02 3932334                    /lib/x86_64-linux-gnu/libnsl-2.19.so
7f7b6f54c000-7f7b6f74b000 ---p 00017000 08:02 3932334                    /lib/x86_64-linux-gnu/libnsl-2.19.so
7f7b6f74b000-7f7b6f74c000 r--p 00016000 08:02 3932334                    /lib/x86_64-linux-gnu/libnsl-2.19.so
7f7b6f74c000-7f7b6f74d000 rw-p 00017000 08:02 3932334                    /lib/x86_64-linux-gnu/libnsl-2.19.so
7f7b6f74d000-7f7b6f74f000 rw-p 00000000 00:00 0 
7f7b6f74f000-7f7b6f758000 r-xp 00000000 08:02 3932333                    /lib/x86_64-linux-gnu/libnss_compat-2.19.so
7f7b6f758000-7f7b6f957000 ---p 00009000 08:02 3932333                    /lib/x86_64-linux-gnu/libnss_compat-2.19.so
7f7b6f957000-7f7b6f958000 r--p 00008000 08:02 3932333                    /lib/x86_64-linux-gnu/libnss_compat-2.19.so
7f7b6f958000-7f7b6f959000 rw-p 00009000 08:02 3932333                    /lib/x86_64-linux-gnu/libnss_compat-2.19.so
7f7b6f959000-7f7b6f983000 r-xp 00000000 08:02 152561                     /usr/java/jdk1.8.0_101/jre/lib/amd64/libjava.so
7f7b6f983000-7f7b6fb83000 ---p 0002a000 08:02 152561                     /usr/java/jdk1.8.0_101/jre/lib/amd64/libjava.so
7f7b6fb83000-7f7b6fb85000 rw-p 0002a000 08:02 152561                     /usr/java/jdk1.8.0_101/jre/lib/amd64/libjava.so
7f7b6fb85000-7f7b6fb92000 r-xp 00000000 08:02 152515                     /usr/java/jdk1.8.0_101/jre/lib/amd64/libverify.so
7f7b6fb92000-7f7b6fd92000 ---p 0000d000 08:02 152515                     /usr/java/jdk1.8.0_101/jre/lib/amd64/libverify.so
7f7b6fd92000-7f7b6fd94000 rw-p 0000d000 08:02 152515                     /usr/java/jdk1.8.0_101/jre/lib/amd64/libverify.so
7f7b6fd94000-7f7b6fd9b000 r-xp 00000000 08:02 3932342                    /lib/x86_64-linux-gnu/librt-2.19.so
7f7b6fd9b000-7f7b6ff9a000 ---p 00007000 08:02 3932342                    /lib/x86_64-linux-gnu/librt-2.19.so
7f7b6ff9a000-7f7b6ff9b000 r--p 00006000 08:02 3932342                    /lib/x86_64-linux-gnu/librt-2.19.so
7f7b6ff9b000-7f7b6ff9c000 rw-p 00007000 08:02 3932342                    /lib/x86_64-linux-gnu/librt-2.19.so
7f7b6ff9c000-7f7b700a1000 r-xp 00000000 08:02 3932328                    /lib/x86_64-linux-gnu/libm-2.19.so
7f7b700a1000-7f7b702a0000 ---p 00105000 08:02 3932328                    /lib/x86_64-linux-gnu/libm-2.19.so
7f7b702a0000-7f7b702a1000 r--p 00104000 08:02 3932328                    /lib/x86_64-linux-gnu/libm-2.19.so
7f7b702a1000-7f7b702a2000 rw-p 00105000 08:02 3932328                    /lib/x86_64-linux-gnu/libm-2.19.so
7f7b702a2000-7f7b70f6d000 r-xp 00000000 08:02 152565                     /usr/java/jdk1.8.0_101/jre/lib/amd64/server/libjvm.so
7f7b70f6d000-7f7b7116c000 ---p 00ccb000 08:02 152565                     /usr/java/jdk1.8.0_101/jre/lib/amd64/server/libjvm.so
7f7b7116c000-7f7b71245000 rw-p 00cca000 08:02 152565                     /usr/java/jdk1.8.0_101/jre/lib/amd64/server/libjvm.so
7f7b71245000-7f7b71290000 rw-p 00000000 00:00 0 
7f7b71290000-7f7b7144a000 r-xp 00000000 08:02 3932343                    /lib/x86_64-linux-gnu/libc-2.19.so
7f7b7144a000-7f7b7164a000 ---p 001ba000 08:02 3932343                    /lib/x86_64-linux-gnu/libc-2.19.so
7f7b7164a000-7f7b7164e000 r--p 001ba000 08:02 3932343                    /lib/x86_64-linux-gnu/libc-2.19.so
7f7b7164e000-7f7b71650000 rw-p 001be000 08:02 3932343                    /lib/x86_64-linux-gnu/libc-2.19.so
7f7b71650000-7f7b71655000 rw-p 00000000 00:00 0 
7f7b71655000-7f7b71658000 r-xp 00000000 08:02 3932330                    /lib/x86_64-linux-gnu/libdl-2.19.so
7f7b71658000-7f7b71857000 ---p 00003000 08:02 3932330                    /lib/x86_64-linux-gnu/libdl-2.19.so
7f7b71857000-7f7b71858000 r--p 00002000 08:02 3932330                    /lib/x86_64-linux-gnu/libdl-2.19.so
7f7b71858000-7f7b71859000 rw-p 00003000 08:02 3932330                    /lib/x86_64-linux-gnu/libdl-2.19.so
7f7b71859000-7f7b7186e000 r-xp 00000000 08:02 6694840                    /usr/java/jdk1.8.0_101/lib/amd64/jli/libjli.so
7f7b7186e000-7f7b71a6e000 ---p 00015000 08:02 6694840                    /usr/java/jdk1.8.0_101/lib/amd64/jli/libjli.so
7f7b71a6e000-7f7b71a6f000 rw-p 00015000 08:02 6694840                    /usr/java/jdk1.8.0_101/lib/amd64/jli/libjli.so
7f7b71a6f000-7f7b71a88000 r-xp 00000000 08:02 3932335                    /lib/x86_64-linux-gnu/libpthread-2.19.so
7f7b71a88000-7f7b71c87000 ---p 00019000 08:02 3932335                    /lib/x86_64-linux-gnu/libpthread-2.19.so
7f7b71c87000-7f7b71c88000 r--p 00018000 08:02 3932335                    /lib/x86_64-linux-gnu/libpthread-2.19.so
7f7b71c88000-7f7b71c89000 rw-p 00019000 08:02 3932335                    /lib/x86_64-linux-gnu/libpthread-2.19.so
7f7b71c89000-7f7b71c8d000 rw-p 00000000 00:00 0 
7f7b71c8d000-7f7b71cb0000 r-xp 00000000 08:02 3932336                    /lib/x86_64-linux-gnu/ld-2.19.so
7f7b71cb7000-7f7b71d89000 rw-p 00000000 00:00 0 
7f7b71d89000-7f7b71d8c000 ---p 00000000 00:00 0 
7f7b71d8c000-7f7b71ea3000 rw-p 00000000 00:00 0 
7f7b71ea3000-7f7b71eab000 rw-s 00000000 08:02 6164102                    /tmp/hsperfdata_david/29153
7f7b71eab000-7f7b71eac000 rw-p 00000000 00:00 0 
7f7b71eac000-7f7b71ead000 ---p 00000000 00:00 0 
7f7b71ead000-7f7b71eaf000 rw-p 00000000 00:00 0 
7f7b71eaf000-7f7b71eb0000 r--p 00022000 08:02 3932336                    /lib/x86_64-linux-gnu/ld-2.19.so
7f7b71eb0000-7f7b71eb1000 rw-p 00023000 08:02 3932336                    /lib/x86_64-linux-gnu/ld-2.19.so
7f7b71eb1000-7f7b71eb2000 rw-p 00000000 00:00 0 
7ffc5905b000-7ffc5907c000 rw-p 00000000 00:00 0                          [stack]
7ffc590a9000-7ffc590ab000 r--p 00000000 00:00 0                          [vvar]
7ffc590ab000-7ffc590ad000 r-xp 00000000 00:00 0                          [vdso]
ffffffffff600000-ffffffffff601000 r-xp 00000000 00:00 0                  [vsyscall]

VM Arguments:
jvm_args: -Djava.awt.headless=true -Xmx1024M -Dfile.encoding=UTF-8 -Duser.country=US -Duser.language=en -Duser.variant 
java_command: com.android.dx.command.Main --dex --output /home/david/Downloads/Android/SdkSampleApp/app/build/intermediates/pre-dexed/androidTest/debug/mockito-core-1.10.19_3c2dcfeeb15a5fbecab369eff13c6dbe8787a7de.jar /home/david/.gradle/caches/modules-2/files-2.1/org.mockito/mockito-core/1.10.19/e8546f5bef4e061d8dd73895b4e8f40e3fe6effe/mockito-core-1.10.19.jar
java_class_path (initial): /home/david/Android/Sdk/build-tools/22.0.1/lib/dx.jar
Launcher Type: SUN_STANDARD

Environment Variables:
JAVA_HOME=/usr/lib/jvm/java-8-oracle
PATH=/usr/local/bin:/usr/local/sbin:/usr/sbin:/usr/bin:/sbin:/bin:/usr/games:/usr/local/games:/usr/lib/jvm/java-8-oracle/bin:/usr/lib/jvm/java-8-oracle/db/bin:/usr/lib/jvm/java-8-oracle/jre/bin
LD_LIBRARY_PATH=.:
SHELL=/bin/zsh
DISPLAY=:0

Signal Handlers:
SIGSEGV: [libjvm.so+0xac4790], sa_mask[0]=11111111011111111101111111111110, sa_flags=SA_RESTART|SA_SIGINFO
SIGBUS: [libjvm.so+0xac4790], sa_mask[0]=11111111011111111101111111111110, sa_flags=SA_RESTART|SA_SIGINFO
SIGFPE: [libjvm.so+0x91f140], sa_mask[0]=11111111011111111101111111111110, sa_flags=SA_RESTART|SA_SIGINFO
SIGPIPE: [libjvm.so+0x91f140], sa_mask[0]=11111111011111111101111111111110, sa_flags=SA_RESTART|SA_SIGINFO
SIGXFSZ: [libjvm.so+0x91f140], sa_mask[0]=11111111011111111101111111111110, sa_flags=SA_RESTART|SA_SIGINFO
SIGILL: [libjvm.so+0x91f140], sa_mask[0]=11111111011111111101111111111110, sa_flags=SA_RESTART|SA_SIGINFO
SIGUSR1: SIG_DFL, sa_mask[0]=00000000000000000000000000000000, sa_flags=none
SIGUSR2: [libjvm.so+0x920770], sa_mask[0]=00100000000000000000000000000000, sa_flags=SA_RESTART|SA_SIGINFO
SIGHUP: [libjvm.so+0x921b70], sa_mask[0]=11111111011111111101111111111110, sa_flags=SA_RESTART|SA_SIGINFO
SIGINT: [libjvm.so+0x921b70], sa_mask[0]=11111111011111111101111111111110, sa_flags=SA_RESTART|SA_SIGINFO
SIGTERM: [libjvm.so+0x921b70], sa_mask[0]=11111111011111111101111111111110, sa_flags=SA_RESTART|SA_SIGINFO
SIGQUIT: [libjvm.so+0x921b70], sa_mask[0]=11111111011111111101111111111110, sa_flags=SA_RESTART|SA_SIGINFO


---------------  S Y S T E M  ---------------

OS:DISTRIB_ID=Ubuntu
DISTRIB_RELEASE=14.04
DISTRIB_CODENAME=trusty
DISTRIB_DESCRIPTION="Ubuntu 14.04.5 LTS"

uname:Linux 3.19.0-66-generic #74~14.04.1-Ubuntu SMP Tue Jul 19 19:56:11 UTC 2016 x86_64
libc:glibc 2.19 NPTL 2.19 
rlimit: STACK 8192k, CORE 0k, NPROC 15050, NOFILE 4096, AS infinity
load average:3.06 4.20 5.68

/proc/meminfo:
MemTotal:        3908116 kB
MemFree:           97788 kB
MemAvailable:      46600 kB
Buffers:             696 kB
Cached:            42124 kB
SwapCached:        16092 kB
Active:          2294484 kB
Inactive:         666304 kB
Active(anon):    2279912 kB
Inactive(anon):   655052 kB
Active(file):      14572 kB
Inactive(file):    11252 kB
Unevictable:          72 kB
Mlocked:              72 kB
SwapTotal:       4051964 kB
SwapFree:              0 kB
Dirty:               700 kB
Writeback:             0 kB
AnonPages:       2905432 kB
Mapped:            35964 kB
Shmem:             15400 kB
Slab:             101308 kB
SReclaimable:      40732 kB
SUnreclaim:        60576 kB
KernelStack:       16688 kB
PageTables:        82448 kB
NFS_Unstable:          0 kB
Bounce:                0 kB
WritebackTmp:          0 kB
CommitLimit:     6006020 kB
Committed_AS:   16426908 kB
VmallocTotal:   34359738367 kB
VmallocUsed:      100288 kB
VmallocChunk:   34359635728 kB
HardwareCorrupted:     0 kB
AnonHugePages:    833536 kB
CmaTotal:              0 kB
CmaFree:               0 kB
HugePages_Total:       0
HugePages_Free:        0
HugePages_Rsvd:        0
HugePages_Surp:        0
Hugepagesize:       2048 kB
DirectMap4k:      819868 kB
DirectMap2M:     3233792 kB


CPU:total 4 (2 cores per cpu, 2 threads per core) family 6 model 37 stepping 5, cmov, cx8, fxsr, mmx, sse, sse2, sse3, ssse3, sse4.1, sse4.2, popcnt, ht, tsc, tscinvbit

/proc/cpuinfo:
processor	: 0
vendor_id	: GenuineIntel
cpu family	: 6
model		: 37
model name	: Intel(R) Core(TM) i3 CPU       M 380  @ 2.53GHz
stepping	: 5
microcode	: 0x2
cpu MHz		: 2533.000
cache size	: 3072 KB
physical id	: 0
siblings	: 4
core id		: 0
cpu cores	: 2
apicid		: 0
initial apicid	: 0
fpu		: yes
fpu_exception	: yes
cpuid level	: 11
wp		: yes
flags		: fpu vme de pse tsc msr pae mce cx8 apic sep mtrr pge mca cmov pat pse36 clflush dts acpi mmx fxsr sse sse2 ss ht tm pbe syscall nx rdtscp lm constant_tsc arch_perfmon pebs bts rep_good nopl xtopology nonstop_tsc aperfmperf pni dtes64 monitor ds_cpl vmx est tm2 ssse3 cx16 xtpr pdcm pcid sse4_1 sse4_2 popcnt lahf_lm arat dtherm tpr_shadow vnmi flexpriority ept vpid
bugs		:
bogomips	: 5053.72
clflush size	: 64
cache_alignment	: 64
address sizes	: 36 bits physical, 48 bits virtual
power management:

processor	: 1
vendor_id	: GenuineIntel
cpu family	: 6
model		: 37
model name	: Intel(R) Core(TM) i3 CPU       M 380  @ 2.53GHz
stepping	: 5
microcode	: 0x2
cpu MHz		: 2533.000
cache size	: 3072 KB
physical id	: 0
siblings	: 4
core id		: 2
cpu cores	: 2
apicid		: 4
initial apicid	: 4
fpu		: yes
fpu_exception	: yes
cpuid level	: 11
wp		: yes
flags		: fpu vme de pse tsc msr pae mce cx8 apic sep mtrr pge mca cmov pat pse36 clflush dts acpi mmx fxsr sse sse2 ss ht tm pbe syscall nx rdtscp lm constant_tsc arch_perfmon pebs bts rep_good nopl xtopology nonstop_tsc aperfmperf pni dtes64 monitor ds_cpl vmx est tm2 ssse3 cx16 xtpr pdcm pcid sse4_1 sse4_2 popcnt lahf_lm arat dtherm tpr_shadow vnmi flexpriority ept vpid
bugs		:
bogomips	: 5053.72
clflush size	: 64
cache_alignment	: 64
address sizes	: 36 bits physical, 48 bits virtual
power management:

processor	: 2
vendor_id	: GenuineIntel
cpu family	: 6
model		: 37
model name	: Intel(R) Core(TM) i3 CPU       M 380  @ 2.53GHz
stepping	: 5
microcode	: 0x2
cpu MHz		: 2533.000
cache size	: 3072 KB
physical id	: 0
siblings	: 4
core id		: 0
cpu cores	: 2
apicid		: 1
initial apicid	: 1
fpu		: yes
fpu_exception	: yes
cpuid level	: 11
wp		: yes
flags		: fpu vme de pse tsc msr pae mce cx8 apic sep mtrr pge mca cmov pat pse36 clflush dts acpi mmx fxsr sse sse2 ss ht tm pbe syscall nx rdtscp lm constant_tsc arch_perfmon pebs bts rep_good nopl xtopology nonstop_tsc aperfmperf pni dtes64 monitor ds_cpl vmx est tm2 ssse3 cx16 xtpr pdcm pcid sse4_1 sse4_2 popcnt lahf_lm arat dtherm tpr_shadow vnmi flexpriority ept vpid
bugs		:
bogomips	: 5053.72
clflush size	: 64
cache_alignment	: 64
address sizes	: 36 bits physical, 48 bits virtual
power management:

processor	: 3
vendor_id	: GenuineIntel
cpu family	: 6
model		: 37
model name	: Intel(R) Core(TM) i3 CPU       M 380  @ 2.53GHz
stepping	: 5
microcode	: 0x2
cpu MHz		: 2533.000
cache size	: 3072 KB
physical id	: 0
siblings	: 4
core id		: 2
cpu cores	: 2
apicid		: 5
initial apicid	: 5
fpu		: yes
fpu_exception	: yes
cpuid level	: 11
wp		: yes
flags		: fpu vme de pse tsc msr pae mce cx8 apic sep mtrr pge mca cmov pat pse36 clflush dts acpi mmx fxsr sse sse2 ss ht tm pbe syscall nx rdtscp lm constant_tsc arch_perfmon pebs bts rep_good nopl xtopology nonstop_tsc aperfmperf pni dtes64 monitor ds_cpl vmx est tm2 ssse3 cx16 xtpr pdcm pcid sse4_1 sse4_2 popcnt lahf_lm arat dtherm tpr_shadow vnmi flexpriority ept vpid
bugs		:
bogomips	: 5053.72
clflush size	: 64
cache_alignment	: 64
address sizes	: 36 bits physical, 48 bits virtual
power management:



Memory: 4k page, physical 3908116k(97540k free), swap 4051964k(0k free)

vm_info: Java HotSpot(TM) 64-Bit Server VM (25.101-b13) for linux-amd64 JRE (1.8.0_101-b13), built on Jun 22 2016 02:59:44 by "java_re" with gcc 4.3.0 20080428 (Red Hat 4.3.0-8)

time: Fri Sep  9 16:50:26 2016
elapsed time: 16 seconds (0d 0h 0m 16s)

