#
# There is insufficient memory for the Java Runtime Environment to continue.
# Native memory allocation (mmap) failed to map 145752064 bytes for committing reserved memory.
# Possible reasons:
#   The system is out of physical RAM or swap space
#   In 32 bit mode, the process size limit was hit
# Possible solutions:
#   Reduce memory load on the system
#   Increase physical memory or swap space
#   Check if swap backing store is full
#   Use 64 bit Java on a 64 bit OS
#   Decrease Java heap size (-Xmx/-Xms)
#   Decrease number of Java threads
#   Decrease Java thread stack sizes (-Xss)
#   Set larger code cache with -XX:ReservedCodeCacheSize=
# This output file may be truncated or incomplete.
#
#  Out of Memory Error (os_linux.cpp:2627), pid=29235, tid=0x00007f94552b0700
#
# JRE version: Java(TM) SE Runtime Environment (8.0_101-b13) (build 1.8.0_101-b13)
# Java VM: Java HotSpot(TM) 64-Bit Server VM (25.101-b13 mixed mode linux-amd64 compressed oops)
# Failed to write core dump. Core dumps have been disabled. To enable core dumping, try "ulimit -c unlimited" before starting Java again
#

---------------  T H R E A D  ---------------

Current thread (0x00007f946c078000):  VMThread [stack: 0x00007f94551b0000,0x00007f94552b1000] [id=29245]

Stack: [0x00007f94551b0000,0x00007f94552b1000],  sp=0x00007f94552aef60,  free space=1019k
Native frames: (J=compiled Java code, j=interpreted, Vv=VM code, C=native code)
V  [libjvm.so+0xac3f0a]  VMError::report_and_die()+0x2ba
V  [libjvm.so+0x4fbf9b]  report_vm_out_of_memory(char const*, int, unsigned long, VMErrorType, char const*)+0x8b
V  [libjvm.so+0x9222d3]  os::Linux::commit_memory_impl(char*, unsigned long, bool)+0x103
V  [libjvm.so+0x922829]  os::pd_commit_memory(char*, unsigned long, unsigned long, bool)+0x29
V  [libjvm.so+0x91cb2a]  os::commit_memory(char*, unsigned long, unsigned long, bool)+0x2a
V  [libjvm.so+0x991053]  PSVirtualSpace::expand_by(unsigned long)+0x53
V  [libjvm.so+0x992458]  PSYoungGen::resize_generation(unsigned long, unsigned long)+0xf8
V  [libjvm.so+0x9915b2]  PSYoungGen::resize(unsigned long, unsigned long)+0x22
V  [libjvm.so+0x98e88b]  PSScavenge::invoke_no_policy()+0xf3b
V  [libjvm.so+0x98f011]  PSScavenge::invoke()+0x41
V  [libjvm.so+0x945fc0]  ParallelScavengeHeap::failed_mem_allocate(unsigned long)+0x70
V  [libjvm.so+0xac5927]  VM_ParallelGCFailedAllocation::doit()+0x97
V  [libjvm.so+0xacd405]  VM_Operation::evaluate()+0x55
V  [libjvm.so+0xacb7da]  VMThread::evaluate_operation(VM_Operation*)+0xba
V  [libjvm.so+0xacbb5e]  VMThread::loop()+0x1ce
V  [libjvm.so+0xacbfd0]  VMThread::run()+0x70
V  [libjvm.so+0x924698]  java_start(Thread*)+0x108

VM_Operation (0x00007f9473974610): ParallelGCFailedAllocation, mode: safepoint, requested by thread 0x00007f946c00a000


---------------  P R O C E S S  ---------------

Java Threads: ( => current thread )
  0x00007f946c0c0800 JavaThread "Service Thread" daemon [_thread_blocked, id=29262, stack(0x00007f94543c7000,0x00007f94544c8000)]
  0x00007f946c0bd800 JavaThread "C1 CompilerThread2" daemon [_thread_blocked, id=29261, stack(0x00007f94544c8000,0x00007f94545c9000)]
  0x00007f946c0bb800 JavaThread "C2 CompilerThread1" daemon [_thread_blocked, id=29259, stack(0x00007f94545c9000,0x00007f94546ca000)]
  0x00007f946c0b8800 JavaThread "C2 CompilerThread0" daemon [_thread_in_native, id=29258, stack(0x00007f94546ca000,0x00007f94547cb000)]
  0x00007f946c0b7000 JavaThread "Signal Dispatcher" daemon [_thread_blocked, id=29257, stack(0x00007f94547cb000,0x00007f94548cc000)]
  0x00007f946c084000 JavaThread "Finalizer" daemon [_thread_blocked, id=29253, stack(0x00007f9454fae000,0x00007f94550af000)]
  0x00007f946c07f800 JavaThread "Reference Handler" daemon [_thread_blocked, id=29249, stack(0x00007f94550af000,0x00007f94551b0000)]
  0x00007f946c00a000 JavaThread "main" [_thread_blocked, id=29237, stack(0x00007f9473876000,0x00007f9473977000)]

Other Threads:
=>0x00007f946c078000 VMThread [stack: 0x00007f94551b0000,0x00007f94552b1000] [id=29245]
  0x00007f946c0c3000 WatcherThread [stack: 0x00007f94542c6000,0x00007f94543c7000] [id=29263]

VM state:at safepoint (normal execution)

VM Mutex/Monitor currently owned by a thread:  ([mutex/lock_event])
[0x00007f946c0064b0] Threads_lock - owner thread: 0x00007f946c078000
[0x00007f946c0069b0] Heap_lock - owner thread: 0x00007f946c00a000

Heap:
 PSYoungGen      total 135168K, used 14317K [0x00000000eab00000, 0x00000000f3f00000, 0x0000000100000000)
  eden space 120832K, 0% used [0x00000000eab00000,0x00000000eab00000,0x00000000f2100000)
  from space 14336K, 99% used [0x00000000f2100000,0x00000000f2efb4a0,0x00000000f2f00000)
  to   space 12288K, 0% used [0x00000000f2f00000,0x00000000f2f00000,0x00000000f3b00000)
 ParOldGen       total 42496K, used 42457K [0x00000000c0000000, 0x00000000c2980000, 0x00000000eab00000)
  object space 42496K, 99% used [0x00000000c0000000,0x00000000c2976420,0x00000000c2980000)
 Metaspace       used 6116K, capacity 7216K, committed 7296K, reserved 1056768K
  class space    used 576K, capacity 616K, committed 640K, reserved 1048576K

Card table byte_map: [0x00007f947042f000,0x00007f9470630000] byte_map_base: 0x00007f946fe2f000

Marking Bits: (ParMarkBitMap*) 0x00007f9472d50120
 Begin Bits: [0x00007f9456000000, 0x00007f9457000000)
 End Bits:   [0x00007f9457000000, 0x00007f9458000000)

Polling page: 0x00007f9473999000

CodeCache: size=245760Kb used=8112Kb max_used=8112Kb free=237647Kb
 bounds [0x00007f945d000000, 0x00007f945d800000, 0x00007f946c000000]
 total_blobs=2102 nmethods=1839 adapters=178
 compilation: enabled

Compilation events (10 events):
Event: 19.674 Thread 0x00007f946c0bd800 1890       2       sun.util.calendar.BaseCalendar::isLeapYear (12 bytes)
Event: 19.674 Thread 0x00007f946c0bd800 nmethod 1890 0x00007f945d7aa2d0 code [0x00007f945d7aa440, 0x00007f945d7aa6a8]
Event: 19.674 Thread 0x00007f946c0bd800 1891   !   2       com.android.dx.command.dexer.Main::processFileBytes (263 bytes)
Event: 19.678 Thread 0x00007f946c0bd800 nmethod 1891 0x00007f945d7e4710 code [0x00007f945d7e49e0, 0x00007f945d7e5c58]
Event: 19.678 Thread 0x00007f946c0bd800 1892       2       com.android.dx.command.dexer.Main::fixPath (56 bytes)
Event: 19.678 Thread 0x00007f946c0bd800 nmethod 1892 0x00007f945d7d0850 code [0x00007f945d7d09e0, 0x00007f945d7d0c38]
Event: 19.678 Thread 0x00007f946c0bd800 1893       2       java.lang.String::lastIndexOf (11 bytes)
Event: 19.679 Thread 0x00007f946c0bd800 nmethod 1893 0x00007f945d7d0410 code [0x00007f945d7d0580, 0x00007f945d7d0728]
Event: 19.679 Thread 0x00007f946c0bd800 1894       2       java.lang.String::lastIndexOf (25 bytes)
Event: 19.679 Thread 0x00007f946c0bd800 nmethod 1894 0x00007f945d7cffd0 code [0x00007f945d7d0140, 0x00007f945d7d02e8]

GC Heap History (10 events):
Event: 4.161 GC heap after
Heap after GC invocations=2 (full 0):
 PSYoungGen      total 33280K, used 2544K [0x00000000eab00000, 0x00000000ece00000, 0x0000000100000000)
  eden space 30720K, 0% used [0x00000000eab00000,0x00000000eab00000,0x00000000ec900000)
  from space 2560K, 99% used [0x00000000ecb80000,0x00000000ecdfc218,0x00000000ece00000)
  to   space 2560K, 0% used [0x00000000ec900000,0x00000000ec900000,0x00000000ecb80000)
 ParOldGen       total 40960K, used 4384K [0x00000000c0000000, 0x00000000c2800000, 0x00000000eab00000)
  object space 40960K, 10% used [0x00000000c0000000,0x00000000c0448080,0x00000000c2800000)
 Metaspace       used 5725K, capacity 6960K, committed 7040K, reserved 1056768K
  class space    used 557K, capacity 616K, committed 640K, reserved 1048576K
}
Event: 6.633 GC heap before
{Heap before GC invocations=3 (full 0):
 PSYoungGen      total 33280K, used 33264K [0x00000000eab00000, 0x00000000ece00000, 0x0000000100000000)
  eden space 30720K, 100% used [0x00000000eab00000,0x00000000ec900000,0x00000000ec900000)
  from space 2560K, 99% used [0x00000000ecb80000,0x00000000ecdfc218,0x00000000ece00000)
  to   space 2560K, 0% used [0x00000000ec900000,0x00000000ec900000,0x00000000ecb80000)
 ParOldGen       total 40960K, used 4384K [0x00000000c0000000, 0x00000000c2800000, 0x00000000eab00000)
  object space 40960K, 10% used [0x00000000c0000000,0x00000000c0448080,0x00000000c2800000)
 Metaspace       used 5873K, capacity 7088K, committed 7296K, reserved 1056768K
  class space    used 557K, capacity 616K, committed 640K, reserved 1048576K
Event: 6.739 GC heap after
Heap after GC invocations=3 (full 0):
 PSYoungGen      total 33280K, used 2560K [0x00000000eab00000, 0x00000000eec00000, 0x0000000100000000)
  eden space 30720K, 0% used [0x00000000eab00000,0x00000000eab00000,0x00000000ec900000)
  from space 2560K, 100% used [0x00000000ec900000,0x00000000ecb80000,0x00000000ecb80000)
  to   space 2560K, 0% used [0x00000000ee980000,0x00000000ee980000,0x00000000eec00000)
 ParOldGen       total 40960K, used 9764K [0x00000000c0000000, 0x00000000c2800000, 0x00000000eab00000)
  object space 40960K, 23% used [0x00000000c0000000,0x00000000c09890f0,0x00000000c2800000)
 Metaspace       used 5873K, capacity 7088K, committed 7296K, reserved 1056768K
  class space    used 557K, capacity 616K, committed 640K, reserved 1048576K
}
Event: 8.731 GC heap before
{Heap before GC invocations=4 (full 0):
 PSYoungGen      total 33280K, used 33280K [0x00000000eab00000, 0x00000000eec00000, 0x0000000100000000)
  eden space 30720K, 100% used [0x00000000eab00000,0x00000000ec900000,0x00000000ec900000)
  from space 2560K, 100% used [0x00000000ec900000,0x00000000ecb80000,0x00000000ecb80000)
  to   space 2560K, 0% used [0x00000000ee980000,0x00000000ee980000,0x00000000eec00000)
 ParOldGen       total 40960K, used 9764K [0x00000000c0000000, 0x00000000c2800000, 0x00000000eab00000)
  object space 40960K, 23% used [0x00000000c0000000,0x00000000c09890f0,0x00000000c2800000)
 Metaspace       used 5999K, capacity 7152K, committed 7296K, reserved 1056768K
  class space    used 576K, capacity 616K, committed 640K, reserved 1048576K
Event: 8.845 GC heap after
Heap after GC invocations=4 (full 0):
 PSYoungGen      total 64000K, used 2531K [0x00000000eab00000, 0x00000000eec00000, 0x0000000100000000)
  eden space 61440K, 0% used [0x00000000eab00000,0x00000000eab00000,0x00000000ee700000)
  from space 2560K, 98% used [0x00000000ee980000,0x00000000eebf8e40,0x00000000eec00000)
  to   space 2560K, 0% used [0x00000000ee700000,0x00000000ee700000,0x00000000ee980000)
 ParOldGen       total 40960K, used 15019K [0x00000000c0000000, 0x00000000c2800000, 0x00000000eab00000)
  object space 40960K, 36% used [0x00000000c0000000,0x00000000c0eaae88,0x00000000c2800000)
 Metaspace       used 5999K, capacity 7152K, committed 7296K, reserved 1056768K
  class space    used 576K, capacity 616K, committed 640K, reserved 1048576K
}
Event: 10.965 GC heap before
{Heap before GC invocations=5 (full 0):
 PSYoungGen      total 64000K, used 63971K [0x00000000eab00000, 0x00000000eec00000, 0x0000000100000000)
  eden space 61440K, 100% used [0x00000000eab00000,0x00000000ee700000,0x00000000ee700000)
  from space 2560K, 98% used [0x00000000ee980000,0x00000000eebf8e40,0x00000000eec00000)
  to   space 2560K, 0% used [0x00000000ee700000,0x00000000ee700000,0x00000000ee980000)
 ParOldGen       total 40960K, used 15019K [0x00000000c0000000, 0x00000000c2800000, 0x00000000eab00000)
  object space 40960K, 36% used [0x00000000c0000000,0x00000000c0eaae88,0x00000000c2800000)
 Metaspace       used 6072K, capacity 7152K, committed 7296K, reserved 1056768K
  class space    used 576K, capacity 616K, committed 640K, reserved 1048576K
Event: 11.085 GC heap after
Heap after GC invocations=5 (full 0):
 PSYoungGen      total 64000K, used 2531K [0x00000000eab00000, 0x00000000f3b00000, 0x0000000100000000)
  eden space 61440K, 0% used [0x00000000eab00000,0x00000000eab00000,0x00000000ee700000)
  from space 2560K, 98% used [0x00000000ee700000,0x00000000ee978ea0,0x00000000ee980000)
  to   space 12288K, 0% used [0x00000000f2f00000,0x00000000f2f00000,0x00000000f3b00000)
 ParOldGen       total 40960K, used 23737K [0x00000000c0000000, 0x00000000c2800000, 0x00000000eab00000)
  object space 40960K, 57% used [0x00000000c0000000,0x00000000c172e670,0x00000000c2800000)
 Metaspace       used 6072K, capacity 7152K, committed 7296K, reserved 1056768K
  class space    used 576K, capacity 616K, committed 640K, reserved 1048576K
}
Event: 14.064 GC heap before
{Heap before GC invocations=6 (full 0):
 PSYoungGen      total 64000K, used 63971K [0x00000000eab00000, 0x00000000f3b00000, 0x0000000100000000)
  eden space 61440K, 100% used [0x00000000eab00000,0x00000000ee700000,0x00000000ee700000)
  from space 2560K, 98% used [0x00000000ee700000,0x00000000ee978ea0,0x00000000ee980000)
  to   space 12288K, 0% used [0x00000000f2f00000,0x00000000f2f00000,0x00000000f3b00000)
 ParOldGen       total 40960K, used 23737K [0x00000000c0000000, 0x00000000c2800000, 0x00000000eab00000)
  object space 40960K, 57% used [0x00000000c0000000,0x00000000c172e670,0x00000000c2800000)
 Metaspace       used 6092K, capacity 7152K, committed 7296K, reserved 1056768K
  class space    used 576K, capacity 616K, committed 640K, reserved 1048576K
Event: 14.207 GC heap after
Heap after GC invocations=6 (full 0):
 PSYoungGen      total 133120K, used 12272K [0x00000000eab00000, 0x00000000f3f00000, 0x0000000100000000)
  eden space 120832K, 0% used [0x00000000eab00000,0x00000000eab00000,0x00000000f2100000)
  from space 12288K, 99% used [0x00000000f2f00000,0x00000000f3afc048,0x00000000f3b00000)
  to   space 14336K, 0% used [0x00000000f2100000,0x00000000f2100000,0x00000000f2f00000)
 ParOldGen       total 40960K, used 24277K [0x00000000c0000000, 0x00000000c2800000, 0x00000000eab00000)
  object space 40960K, 59% used [0x00000000c0000000,0x00000000c17b57b0,0x00000000c2800000)
 Metaspace       used 6092K, capacity 7152K, committed 7296K, reserved 1056768K
  class space    used 576K, capacity 616K, committed 640K, reserved 1048576K
}
Event: 19.859 GC heap before
{Heap before GC invocations=7 (full 0):
 PSYoungGen      total 133120K, used 133104K [0x00000000eab00000, 0x00000000f3f00000, 0x0000000100000000)
  eden space 120832K, 100% used [0x00000000eab00000,0x00000000f2100000,0x00000000f2100000)
  from space 12288K, 99% used [0x00000000f2f00000,0x00000000f3afc048,0x00000000f3b00000)
  to   space 14336K, 0% used [0x00000000f2100000,0x00000000f2100000,0x00000000f2f00000)
 ParOldGen       total 40960K, used 24277K [0x00000000c0000000, 0x00000000c2800000, 0x00000000eab00000)
  object space 40960K, 59% used [0x00000000c0000000,0x00000000c17b57b0,0x00000000c2800000)
 Metaspace       used 6116K, capacity 7216K, committed 7296K, reserved 1056768K
  class space    used 576K, capacity 616K, committed 640K, reserved 1048576K

Deoptimization events (10 events):
Event: 8.534 Thread 0x00007f946c00a000 Uncommon trap: reason=unstable_if action=reinterpret pc=0x00007f945d680c0c method=java.util.HashMap.getNode(ILjava/lang/Object;)Ljava/util/HashMap$Node; @ 84
Event: 9.230 Thread 0x00007f946c00a000 Uncommon trap: reason=unstable_if action=reinterpret pc=0x00007f945d667878 method=com.android.dx.cf.code.ByteCatchList.listFor(I)Lcom/android/dx/cf/code/ByteCatchList; @ 47
Event: 9.330 Thread 0x00007f946c00a000 Uncommon trap: reason=bimorphic action=maybe_recompile pc=0x00007f945d6416a4 method=com.android.dx.rop.code.RegisterSpec.withSimpleType()Lcom/android/dx/rop/code/RegisterSpec; @ 21
Event: 9.330 Thread 0x00007f946c00a000 Uncommon trap: reason=unstable_if action=reinterpret pc=0x00007f945d641320 method=com.android.dx.ssa.LocalVariableExtractor.processBlock(I)V @ 251
Event: 9.538 Thread 0x00007f946c00a000 Uncommon trap: reason=unstable_if action=reinterpret pc=0x00007f945d2c56f0 method=com.android.dx.rop.code.RegisterSpec.equals(ILcom/android/dx/rop/type/TypeBearer;Lcom/android/dx/rop/code/LocalItem;)Z @ 42
Event: 10.203 Thread 0x00007f946c00a000 Uncommon trap: reason=unstable_if action=reinterpret pc=0x00007f945d5c81a8 method=com.android.dx.ssa.SCCP.simulateStmt(Lcom/android/dx/ssa/SsaInsn;)V @ 59
Event: 10.216 Thread 0x00007f946c00a000 Uncommon trap: reason=unstable_if action=reinterpret pc=0x00007f945d68efb8 method=java.util.HashMap.putVal(ILjava/lang/Object;Ljava/lang/Object;ZZ)Ljava/lang/Object; @ 162
Event: 10.628 Thread 0x00007f946c00a000 Uncommon trap: reason=unstable_if action=reinterpret pc=0x00007f945d39edc0 method=com.android.dx.rop.code.RegisterSpec.equals(ILcom/android/dx/rop/type/TypeBearer;Lcom/android/dx/rop/code/LocalItem;)Z @ 42
Event: 12.698 Thread 0x00007f946c00a000 Uncommon trap: reason=unstable_if action=reinterpret pc=0x00007f945d729288 method=java.util.HashMap.putVal(ILjava/lang/Object;Ljava/lang/Object;ZZ)Ljava/lang/Object; @ 109
Event: 17.834 Thread 0x00007f946c00a000 Uncommon trap: reason=unstable_if action=reinterpret pc=0x00007f945d6b1d84 method=com.android.dx.rop.code.LocalItem.compareHandlesNulls(Lcom/android/dx/rop/cst/CstString;Lcom/android/dx/rop/cst/CstString;)I @ 14

Internal exceptions (7 events):
Event: 0.098 Thread 0x00007f946c00a000 Exception <a 'java/lang/NoSuchMethodError': Method sun.misc.Unsafe.defineClass(Ljava/lang/String;[BII)Ljava/lang/Class; name or signature does not match> (0x00000000eab07cc0) thrown at [/HUDSON3/workspace/8-2-build-linux-amd64/jdk8u101/7261/hotspot/src/sh
Event: 0.098 Thread 0x00007f946c00a000 Exception <a 'java/lang/NoSuchMethodError': Method sun.misc.Unsafe.prefetchRead(Ljava/lang/Object;J)V name or signature does not match> (0x00000000eab07fa8) thrown at [/HUDSON3/workspace/8-2-build-linux-amd64/jdk8u101/7261/hotspot/src/share/vm/prims/jni.c
Event: 4.026 Thread 0x00007f946c00a000 Implicit null exception at 0x00007f945d362fc8 to 0x00007f945d3653b1
Event: 8.516 Thread 0x00007f946c00a000 Exception <a 'java/lang/ArrayIndexOutOfBoundsException': 18> (0x00000000ec5e5818) thrown at [/HUDSON3/workspace/8-2-build-linux-amd64/jdk8u101/7261/hotspot/src/share/vm/interpreter/interpreterRuntime.cpp, line 366]
Event: 8.516 Thread 0x00007f946c00a000 Exception <a 'java/lang/ArrayIndexOutOfBoundsException': 145> (0x00000000ec5e7398) thrown at [/HUDSON3/workspace/8-2-build-linux-amd64/jdk8u101/7261/hotspot/src/share/vm/interpreter/interpreterRuntime.cpp, line 366]
Event: 8.526 Thread 0x00007f946c00a000 Exception <a 'java/lang/ArrayIndexOutOfBoundsException'> (0x00000000ec5e8680) thrown at [/HUDSON3/workspace/8-2-build-linux-amd64/jdk8u101/7261/hotspot/src/share/vm/runtime/sharedRuntime.cpp, line 605]
Event: 17.834 Thread 0x00007f946c00a000 Implicit null exception at 0x00007f945d6b04bc to 0x00007f945d6b1d59

Events (10 events):
Event: 11.085 Executing VM operation: ParallelGCFailedAllocation done
Event: 12.698 Thread 0x00007f946c00a000 Uncommon trap: trap_request=0xffffff65 fr.pc=0x00007f945d729288
Event: 12.698 Thread 0x00007f946c00a000 DEOPT PACKING pc=0x00007f945d729288 sp=0x00007f9473974ad0
Event: 12.698 Thread 0x00007f946c00a000 DEOPT UNPACKING pc=0x00007f945d005229 sp=0x00007f94739747f0 mode 2
Event: 14.064 Executing VM operation: ParallelGCFailedAllocation
Event: 14.207 Executing VM operation: ParallelGCFailedAllocation done
Event: 17.834 Thread 0x00007f946c00a000 Uncommon trap: trap_request=0xffffff65 fr.pc=0x00007f945d6b1d84
Event: 17.834 Thread 0x00007f946c00a000 DEOPT PACKING pc=0x00007f945d6b1d84 sp=0x00007f9473974af0
Event: 17.834 Thread 0x00007f946c00a000 DEOPT UNPACKING pc=0x00007f945d005229 sp=0x00007f94739748d8 mode 2
Event: 19.859 Executing VM operation: ParallelGCFailedAllocation


Dynamic libraries:
00400000-00401000 r-xp 00000000 08:02 152432                             /usr/java/jdk1.8.0_101/bin/java
00600000-00601000 rw-p 00000000 08:02 152432                             /usr/java/jdk1.8.0_101/bin/java
012b5000-012d6000 rw-p 00000000 00:00 0                                  [heap]
c0000000-c2980000 rw-p 00000000 00:00 0 
c2980000-eab00000 ---p 00000000 00:00 0 
eab00000-f3f00000 rw-p 00000000 00:00 0 
fca00000-100000000 ---p 00000000 00:00 0 
100000000-1000a0000 rw-p 00000000 00:00 0 
1000a0000-140000000 ---p 00000000 00:00 0 
7f9420000000-7f9420021000 rw-p 00000000 00:00 0 
7f9420021000-7f9424000000 ---p 00000000 00:00 0 
7f9424000000-7f9424021000 rw-p 00000000 00:00 0 
7f9424021000-7f9428000000 ---p 00000000 00:00 0 
7f9428000000-7f942980f000 rw-p 00000000 00:00 0 
7f942980f000-7f942c000000 ---p 00000000 00:00 0 
7f942c000000-7f942ca68000 rw-p 00000000 00:00 0 
7f942ca68000-7f9430000000 ---p 00000000 00:00 0 
7f9430000000-7f9430021000 rw-p 00000000 00:00 0 
7f9430021000-7f9434000000 ---p 00000000 00:00 0 
7f9434000000-7f94353a5000 rw-p 00000000 00:00 0 
7f94353a5000-7f9438000000 ---p 00000000 00:00 0 
7f9438000000-7f9438021000 rw-p 00000000 00:00 0 
7f9438021000-7f943c000000 ---p 00000000 00:00 0 
7f943c000000-7f943c021000 rw-p 00000000 00:00 0 
7f943c021000-7f9440000000 ---p 00000000 00:00 0 
7f9440000000-7f9440021000 rw-p 00000000 00:00 0 
7f9440021000-7f9444000000 ---p 00000000 00:00 0 
7f9444000000-7f944428d000 rw-p 00000000 00:00 0 
7f944428d000-7f9448000000 ---p 00000000 00:00 0 
7f9448000000-7f9448021000 rw-p 00000000 00:00 0 
7f9448021000-7f944c000000 ---p 00000000 00:00 0 
7f9450000000-7f9450021000 rw-p 00000000 00:00 0 
7f9450021000-7f9454000000 ---p 00000000 00:00 0 
7f9454285000-7f94542c6000 r--s 0025e000 08:02 4332144                    /home/david/Downloads/Android/SdkSampleApp/app/build/intermediates/exploded-aar/com.android.support.test.espresso/espresso-core/2.2.2/jars/classes.jar
7f94542c6000-7f94542c7000 ---p 00000000 00:00 0 
7f94542c7000-7f94543c7000 rw-p 00000000 00:00 0 
7f94543c7000-7f94543ca000 ---p 00000000 00:00 0 
7f94543ca000-7f94544c8000 rw-p 00000000 00:00 0 
7f94544c8000-7f94544cb000 ---p 00000000 00:00 0 
7f94544cb000-7f94545c9000 rw-p 00000000 00:00 0 
7f94545c9000-7f94545cc000 ---p 00000000 00:00 0 
7f94545cc000-7f94546ca000 rw-p 00000000 00:00 0 
7f94546ca000-7f94546cd000 ---p 00000000 00:00 0 
7f94546cd000-7f94547cb000 rw-p 00000000 00:00 0 
7f94547cb000-7f94547ce000 ---p 00000000 00:00 0 
7f94547ce000-7f94548cc000 rw-p 00000000 00:00 0 
7f94548cc000-7f9454fae000 r--p 00000000 08:02 6429702                    /usr/lib/locale/locale-archive
7f9454fae000-7f9454fb1000 ---p 00000000 00:00 0 
7f9454fb1000-7f94550af000 rw-p 00000000 00:00 0 
7f94550af000-7f94550b2000 ---p 00000000 00:00 0 
7f94550b2000-7f94551b0000 rw-p 00000000 00:00 0 
7f94551b0000-7f94551b1000 ---p 00000000 00:00 0 
7f94551b1000-7f9458000000 rw-p 00000000 00:00 0 
7f9458000000-7f9458021000 rw-p 00000000 00:00 0 
7f9458021000-7f945c000000 ---p 00000000 00:00 0 
7f945c002000-7f945c225000 rw-p 00000000 00:00 0 
7f945c225000-7f945c3fe000 r--s 03d29000 08:02 152506                     /usr/java/jdk1.8.0_101/jre/lib/rt.jar
7f945c3fe000-7f945ca7e000 rw-p 00000000 00:00 0 
7f945ca7e000-7f945cbfe000 ---p 00000000 00:00 0 
7f945cbfe000-7f945cdfe000 rw-p 00000000 00:00 0 
7f945cdfe000-7f945cdff000 ---p 00000000 00:00 0 
7f945cdff000-7f945ceff000 rw-p 00000000 00:00 0 
7f945ceff000-7f945cf00000 ---p 00000000 00:00 0 
7f945cf00000-7f945d000000 rw-p 00000000 00:00 0 
7f945d000000-7f945d800000 rwxp 00000000 00:00 0 
7f945d800000-7f946c000000 ---p 00000000 00:00 0 
7f946c000000-7f946c389000 rw-p 00000000 00:00 0 
7f946c389000-7f9470000000 ---p 00000000 00:00 0 
7f9470010000-7f947001f000 r--s 000dd000 08:02 1840355                    /home/david/Android/Sdk/build-tools/22.0.1/lib/dx.jar
7f947001f000-7f94700d7000 rw-p 00000000 00:00 0 
7f94700d7000-7f94700d8000 ---p 00000000 00:00 0 
7f94700d8000-7f94701d8000 rw-p 00000000 00:00 0 
7f94701d8000-7f94701d9000 ---p 00000000 00:00 0 
7f94701d9000-7f94702ee000 rw-p 00000000 00:00 0 
7f94702ee000-7f947042f000 ---p 00000000 00:00 0 
7f947042f000-7f9470444000 rw-p 00000000 00:00 0 
7f9470444000-7f9470584000 ---p 00000000 00:00 0 
7f9470584000-7f94705cf000 rw-p 00000000 00:00 0 
7f94705cf000-7f947062f000 ---p 00000000 00:00 0 
7f947062f000-7f9470650000 rw-p 00000000 00:00 0 
7f9470650000-7f94709f0000 ---p 00000000 00:00 0 
7f94709f0000-7f9470a0a000 r-xp 00000000 08:02 152535                     /usr/java/jdk1.8.0_101/jre/lib/amd64/libzip.so
7f9470a0a000-7f9470c0a000 ---p 0001a000 08:02 152535                     /usr/java/jdk1.8.0_101/jre/lib/amd64/libzip.so
7f9470c0a000-7f9470c0b000 rw-p 0001a000 08:02 152535                     /usr/java/jdk1.8.0_101/jre/lib/amd64/libzip.so
7f9470c0b000-7f9470c15000 r-xp 00000000 08:02 3932346                    /lib/x86_64-linux-gnu/libnss_files-2.19.so
7f9470c15000-7f9470e14000 ---p 0000a000 08:02 3932346                    /lib/x86_64-linux-gnu/libnss_files-2.19.so
7f9470e14000-7f9470e15000 r--p 00009000 08:02 3932346                    /lib/x86_64-linux-gnu/libnss_files-2.19.so
7f9470e15000-7f9470e16000 rw-p 0000a000 08:02 3932346                    /lib/x86_64-linux-gnu/libnss_files-2.19.so
7f9470e16000-7f9470e21000 r-xp 00000000 08:02 3932338                    /lib/x86_64-linux-gnu/libnss_nis-2.19.so
7f9470e21000-7f9471020000 ---p 0000b000 08:02 3932338                    /lib/x86_64-linux-gnu/libnss_nis-2.19.so
7f9471020000-7f9471021000 r--p 0000a000 08:02 3932338                    /lib/x86_64-linux-gnu/libnss_nis-2.19.so
7f9471021000-7f9471022000 rw-p 0000b000 08:02 3932338                    /lib/x86_64-linux-gnu/libnss_nis-2.19.so
7f9471022000-7f9471039000 r-xp 00000000 08:02 3932334                    /lib/x86_64-linux-gnu/libnsl-2.19.so
7f9471039000-7f9471238000 ---p 00017000 08:02 3932334                    /lib/x86_64-linux-gnu/libnsl-2.19.so
7f9471238000-7f9471239000 r--p 00016000 08:02 3932334                    /lib/x86_64-linux-gnu/libnsl-2.19.so
7f9471239000-7f947123a000 rw-p 00017000 08:02 3932334                    /lib/x86_64-linux-gnu/libnsl-2.19.so
7f947123a000-7f947123c000 rw-p 00000000 00:00 0 
7f947123c000-7f9471245000 r-xp 00000000 08:02 3932333                    /lib/x86_64-linux-gnu/libnss_compat-2.19.so
7f9471245000-7f9471444000 ---p 00009000 08:02 3932333                    /lib/x86_64-linux-gnu/libnss_compat-2.19.so
7f9471444000-7f9471445000 r--p 00008000 08:02 3932333                    /lib/x86_64-linux-gnu/libnss_compat-2.19.so
7f9471445000-7f9471446000 rw-p 00009000 08:02 3932333                    /lib/x86_64-linux-gnu/libnss_compat-2.19.so
7f9471446000-7f9471470000 r-xp 00000000 08:02 152561                     /usr/java/jdk1.8.0_101/jre/lib/amd64/libjava.so
7f9471470000-7f9471670000 ---p 0002a000 08:02 152561                     /usr/java/jdk1.8.0_101/jre/lib/amd64/libjava.so
7f9471670000-7f9471672000 rw-p 0002a000 08:02 152561                     /usr/java/jdk1.8.0_101/jre/lib/amd64/libjava.so
7f9471672000-7f947167f000 r-xp 00000000 08:02 152515                     /usr/java/jdk1.8.0_101/jre/lib/amd64/libverify.so
7f947167f000-7f947187f000 ---p 0000d000 08:02 152515                     /usr/java/jdk1.8.0_101/jre/lib/amd64/libverify.so
7f947187f000-7f9471881000 rw-p 0000d000 08:02 152515                     /usr/java/jdk1.8.0_101/jre/lib/amd64/libverify.so
7f9471881000-7f9471888000 r-xp 00000000 08:02 3932342                    /lib/x86_64-linux-gnu/librt-2.19.so
7f9471888000-7f9471a87000 ---p 00007000 08:02 3932342                    /lib/x86_64-linux-gnu/librt-2.19.so
7f9471a87000-7f9471a88000 r--p 00006000 08:02 3932342                    /lib/x86_64-linux-gnu/librt-2.19.so
7f9471a88000-7f9471a89000 rw-p 00007000 08:02 3932342                    /lib/x86_64-linux-gnu/librt-2.19.so
7f9471a89000-7f9471b8e000 r-xp 00000000 08:02 3932328                    /lib/x86_64-linux-gnu/libm-2.19.so
7f9471b8e000-7f9471d8d000 ---p 00105000 08:02 3932328                    /lib/x86_64-linux-gnu/libm-2.19.so
7f9471d8d000-7f9471d8e000 r--p 00104000 08:02 3932328                    /lib/x86_64-linux-gnu/libm-2.19.so
7f9471d8e000-7f9471d8f000 rw-p 00105000 08:02 3932328                    /lib/x86_64-linux-gnu/libm-2.19.so
7f9471d8f000-7f9472a5a000 r-xp 00000000 08:02 152565                     /usr/java/jdk1.8.0_101/jre/lib/amd64/server/libjvm.so
7f9472a5a000-7f9472c59000 ---p 00ccb000 08:02 152565                     /usr/java/jdk1.8.0_101/jre/lib/amd64/server/libjvm.so
7f9472c59000-7f9472d32000 rw-p 00cca000 08:02 152565                     /usr/java/jdk1.8.0_101/jre/lib/amd64/server/libjvm.so
7f9472d32000-7f9472d7d000 rw-p 00000000 00:00 0 
7f9472d7d000-7f9472f37000 r-xp 00000000 08:02 3932343                    /lib/x86_64-linux-gnu/libc-2.19.so
7f9472f37000-7f9473137000 ---p 001ba000 08:02 3932343                    /lib/x86_64-linux-gnu/libc-2.19.so
7f9473137000-7f947313b000 r--p 001ba000 08:02 3932343                    /lib/x86_64-linux-gnu/libc-2.19.so
7f947313b000-7f947313d000 rw-p 001be000 08:02 3932343                    /lib/x86_64-linux-gnu/libc-2.19.so
7f947313d000-7f9473142000 rw-p 00000000 00:00 0 
7f9473142000-7f9473145000 r-xp 00000000 08:02 3932330                    /lib/x86_64-linux-gnu/libdl-2.19.so
7f9473145000-7f9473344000 ---p 00003000 08:02 3932330                    /lib/x86_64-linux-gnu/libdl-2.19.so
7f9473344000-7f9473345000 r--p 00002000 08:02 3932330                    /lib/x86_64-linux-gnu/libdl-2.19.so
7f9473345000-7f9473346000 rw-p 00003000 08:02 3932330                    /lib/x86_64-linux-gnu/libdl-2.19.so
7f9473346000-7f947335b000 r-xp 00000000 08:02 6694840                    /usr/java/jdk1.8.0_101/lib/amd64/jli/libjli.so
7f947335b000-7f947355b000 ---p 00015000 08:02 6694840                    /usr/java/jdk1.8.0_101/lib/amd64/jli/libjli.so
7f947355b000-7f947355c000 rw-p 00015000 08:02 6694840                    /usr/java/jdk1.8.0_101/lib/amd64/jli/libjli.so
7f947355c000-7f9473575000 r-xp 00000000 08:02 3932335                    /lib/x86_64-linux-gnu/libpthread-2.19.so
7f9473575000-7f9473774000 ---p 00019000 08:02 3932335                    /lib/x86_64-linux-gnu/libpthread-2.19.so
7f9473774000-7f9473775000 r--p 00018000 08:02 3932335                    /lib/x86_64-linux-gnu/libpthread-2.19.so
7f9473775000-7f9473776000 rw-p 00019000 08:02 3932335                    /lib/x86_64-linux-gnu/libpthread-2.19.so
7f9473776000-7f947377a000 rw-p 00000000 00:00 0 
7f947377a000-7f947379d000 r-xp 00000000 08:02 3932336                    /lib/x86_64-linux-gnu/ld-2.19.so
7f94737a4000-7f9473876000 rw-p 00000000 00:00 0 
7f9473876000-7f9473879000 ---p 00000000 00:00 0 
7f9473879000-7f9473990000 rw-p 00000000 00:00 0 
7f9473990000-7f9473998000 rw-s 00000000 08:02 6164099                    /tmp/hsperfdata_david/29235
7f9473998000-7f9473999000 rw-p 00000000 00:00 0 
7f9473999000-7f947399a000 ---p 00000000 00:00 0 
7f947399a000-7f947399c000 rw-p 00000000 00:00 0 
7f947399c000-7f947399d000 r--p 00022000 08:02 3932336                    /lib/x86_64-linux-gnu/ld-2.19.so
7f947399d000-7f947399e000 rw-p 00023000 08:02 3932336                    /lib/x86_64-linux-gnu/ld-2.19.so
7f947399e000-7f947399f000 rw-p 00000000 00:00 0 
7ffe08d8a000-7ffe08dab000 rw-p 00000000 00:00 0                          [stack]
7ffe08de3000-7ffe08de5000 r--p 00000000 00:00 0                          [vvar]
7ffe08de5000-7ffe08de7000 r-xp 00000000 00:00 0                          [vdso]
ffffffffff600000-ffffffffff601000 r-xp 00000000 00:00 0                  [vsyscall]

VM Arguments:
jvm_args: -Djava.awt.headless=true -Xmx1024M -Dfile.encoding=UTF-8 -Duser.country=US -Duser.language=en -Duser.variant 
java_command: com.android.dx.command.Main --dex --output /home/david/Downloads/Android/SdkSampleApp/app/build/intermediates/pre-dexed/androidTest/debug/com.android.support.test.espresso-espresso-core-2.2.2_b72abdf30f9b45b4402cb54e2cd74c42dde30089.jar /home/david/Downloads/Android/SdkSampleApp/app/build/intermediates/exploded-aar/com.android.support.test.espresso/espresso-core/2.2.2/jars/classes.jar
java_class_path (initial): /home/david/Android/Sdk/build-tools/22.0.1/lib/dx.jar
Launcher Type: SUN_STANDARD

Environment Variables:
JAVA_HOME=/usr/lib/jvm/java-8-oracle
PATH=/usr/local/bin:/usr/local/sbin:/usr/sbin:/usr/bin:/sbin:/bin:/usr/games:/usr/local/games:/usr/lib/jvm/java-8-oracle/bin:/usr/lib/jvm/java-8-oracle/db/bin:/usr/lib/jvm/java-8-oracle/jre/bin
LD_LIBRARY_PATH=.:
SHELL=/bin/zsh
DISPLAY=:0

Signal Handlers:
SIGSEGV: [libjvm.so+0xac4790], sa_mask[0]=11111111011111111101111111111110, sa_flags=SA_RESTART|SA_SIGINFO
SIGBUS: [libjvm.so+0xac4790], sa_mask[0]=11111111011111111101111111111110, sa_flags=SA_RESTART|SA_SIGINFO
SIGFPE: [libjvm.so+0x91f140], sa_mask[0]=11111111011111111101111111111110, sa_flags=SA_RESTART|SA_SIGINFO
SIGPIPE: [libjvm.so+0x91f140], sa_mask[0]=11111111011111111101111111111110, sa_flags=SA_RESTART|SA_SIGINFO
SIGXFSZ: [libjvm.so+0x91f140], sa_mask[0]=11111111011111111101111111111110, sa_flags=SA_RESTART|SA_SIGINFO
SIGILL: [libjvm.so+0x91f140], sa_mask[0]=11111111011111111101111111111110, sa_flags=SA_RESTART|SA_SIGINFO
SIGUSR1: SIG_DFL, sa_mask[0]=00000000000000000000000000000000, sa_flags=none
SIGUSR2: [libjvm.so+0x920770], sa_mask[0]=00100000000000000000000000000000, sa_flags=SA_RESTART|SA_SIGINFO
SIGHUP: [libjvm.so+0x921b70], sa_mask[0]=11111111011111111101111111111110, sa_flags=SA_RESTART|SA_SIGINFO
SIGINT: [libjvm.so+0x921b70], sa_mask[0]=11111111011111111101111111111110, sa_flags=SA_RESTART|SA_SIGINFO
SIGTERM: [libjvm.so+0x921b70], sa_mask[0]=11111111011111111101111111111110, sa_flags=SA_RESTART|SA_SIGINFO
SIGQUIT: [libjvm.so+0x921b70], sa_mask[0]=11111111011111111101111111111110, sa_flags=SA_RESTART|SA_SIGINFO


---------------  S Y S T E M  ---------------

OS:DISTRIB_ID=Ubuntu
DISTRIB_RELEASE=14.04
DISTRIB_CODENAME=trusty
DISTRIB_DESCRIPTION="Ubuntu 14.04.5 LTS"

uname:Linux 3.19.0-66-generic #74~14.04.1-Ubuntu SMP Tue Jul 19 19:56:11 UTC 2016 x86_64
libc:glibc 2.19 NPTL 2.19 
rlimit: STACK 8192k, CORE 0k, NPROC 15050, NOFILE 4096, AS infinity
load average:4.02 4.38 5.73

/proc/meminfo:
MemTotal:        3908116 kB
MemFree:           97840 kB
MemAvailable:      80820 kB
Buffers:           11544 kB
Cached:            97892 kB
SwapCached:        15096 kB
Active:          2287556 kB
Inactive:         674964 kB
Active(anon):    2238692 kB
Inactive(anon):   629792 kB
Active(file):      48864 kB
Inactive(file):    45172 kB
Unevictable:          72 kB
Mlocked:              72 kB
SwapTotal:       4051964 kB
SwapFree:           5112 kB
Dirty:              1632 kB
Writeback:           220 kB
AnonPages:       2840356 kB
Mapped:            81176 kB
Shmem:             15268 kB
Slab:             101028 kB
SReclaimable:      40852 kB
SUnreclaim:        60176 kB
KernelStack:       16576 kB
PageTables:        82432 kB
NFS_Unstable:          0 kB
Bounce:                0 kB
WritebackTmp:          0 kB
CommitLimit:     6006020 kB
Committed_AS:   16292968 kB
VmallocTotal:   34359738367 kB
VmallocUsed:      100276 kB
VmallocChunk:   34359635728 kB
HardwareCorrupted:     0 kB
AnonHugePages:    790528 kB
CmaTotal:              0 kB
CmaFree:               0 kB
HugePages_Total:       0
HugePages_Free:        0
HugePages_Rsvd:        0
HugePages_Surp:        0
Hugepagesize:       2048 kB
DirectMap4k:      819868 kB
DirectMap2M:     3233792 kB


CPU:total 4 (2 cores per cpu, 2 threads per core) family 6 model 37 stepping 5, cmov, cx8, fxsr, mmx, sse, sse2, sse3, ssse3, sse4.1, sse4.2, popcnt, ht, tsc, tscinvbit

/proc/cpuinfo:
processor	: 0
vendor_id	: GenuineIntel
cpu family	: 6
model		: 37
model name	: Intel(R) Core(TM) i3 CPU       M 380  @ 2.53GHz
stepping	: 5
microcode	: 0x2
cpu MHz		: 2533.000
cache size	: 3072 KB
physical id	: 0
siblings	: 4
core id		: 0
cpu cores	: 2
apicid		: 0
initial apicid	: 0
fpu		: yes
fpu_exception	: yes
cpuid level	: 11
wp		: yes
flags		: fpu vme de pse tsc msr pae mce cx8 apic sep mtrr pge mca cmov pat pse36 clflush dts acpi mmx fxsr sse sse2 ss ht tm pbe syscall nx rdtscp lm constant_tsc arch_perfmon pebs bts rep_good nopl xtopology nonstop_tsc aperfmperf pni dtes64 monitor ds_cpl vmx est tm2 ssse3 cx16 xtpr pdcm pcid sse4_1 sse4_2 popcnt lahf_lm arat dtherm tpr_shadow vnmi flexpriority ept vpid
bugs		:
bogomips	: 5053.72
clflush size	: 64
cache_alignment	: 64
address sizes	: 36 bits physical, 48 bits virtual
power management:

processor	: 1
vendor_id	: GenuineIntel
cpu family	: 6
model		: 37
model name	: Intel(R) Core(TM) i3 CPU       M 380  @ 2.53GHz
stepping	: 5
microcode	: 0x2
cpu MHz		: 2533.000
cache size	: 3072 KB
physical id	: 0
siblings	: 4
core id		: 2
cpu cores	: 2
apicid		: 4
initial apicid	: 4
fpu		: yes
fpu_exception	: yes
cpuid level	: 11
wp		: yes
flags		: fpu vme de pse tsc msr pae mce cx8 apic sep mtrr pge mca cmov pat pse36 clflush dts acpi mmx fxsr sse sse2 ss ht tm pbe syscall nx rdtscp lm constant_tsc arch_perfmon pebs bts rep_good nopl xtopology nonstop_tsc aperfmperf pni dtes64 monitor ds_cpl vmx est tm2 ssse3 cx16 xtpr pdcm pcid sse4_1 sse4_2 popcnt lahf_lm arat dtherm tpr_shadow vnmi flexpriority ept vpid
bugs		:
bogomips	: 5053.72
clflush size	: 64
cache_alignment	: 64
address sizes	: 36 bits physical, 48 bits virtual
power management:

processor	: 2
vendor_id	: GenuineIntel
cpu family	: 6
model		: 37
model name	: Intel(R) Core(TM) i3 CPU       M 380  @ 2.53GHz
stepping	: 5
microcode	: 0x2
cpu MHz		: 2533.000
cache size	: 3072 KB
physical id	: 0
siblings	: 4
core id		: 0
cpu cores	: 2
apicid		: 1
initial apicid	: 1
fpu		: yes
fpu_exception	: yes
cpuid level	: 11
wp		: yes
flags		: fpu vme de pse tsc msr pae mce cx8 apic sep mtrr pge mca cmov pat pse36 clflush dts acpi mmx fxsr sse sse2 ss ht tm pbe syscall nx rdtscp lm constant_tsc arch_perfmon pebs bts rep_good nopl xtopology nonstop_tsc aperfmperf pni dtes64 monitor ds_cpl vmx est tm2 ssse3 cx16 xtpr pdcm pcid sse4_1 sse4_2 popcnt lahf_lm arat dtherm tpr_shadow vnmi flexpriority ept vpid
bugs		:
bogomips	: 5053.72
clflush size	: 64
cache_alignment	: 64
address sizes	: 36 bits physical, 48 bits virtual
power management:

processor	: 3
vendor_id	: GenuineIntel
cpu family	: 6
model		: 37
model name	: Intel(R) Core(TM) i3 CPU       M 380  @ 2.53GHz
stepping	: 5
microcode	: 0x2
cpu MHz		: 2533.000
cache size	: 3072 KB
physical id	: 0
siblings	: 4
core id		: 2
cpu cores	: 2
apicid		: 5
initial apicid	: 5
fpu		: yes
fpu_exception	: yes
cpuid level	: 11
wp		: yes
flags		: fpu vme de pse tsc msr pae mce cx8 apic sep mtrr pge mca cmov pat pse36 clflush dts acpi mmx fxsr sse sse2 ss ht tm pbe syscall nx rdtscp lm constant_tsc arch_perfmon pebs bts rep_good nopl xtopology nonstop_tsc aperfmperf pni dtes64 monitor ds_cpl vmx est tm2 ssse3 cx16 xtpr pdcm pcid sse4_1 sse4_2 popcnt lahf_lm arat dtherm tpr_shadow vnmi flexpriority ept vpid
bugs		:
bogomips	: 5053.72
clflush size	: 64
cache_alignment	: 64
address sizes	: 36 bits physical, 48 bits virtual
power management:



Memory: 4k page, physical 3908116k(97840k free), swap 4051964k(5112k free)

vm_info: Java HotSpot(TM) 64-Bit Server VM (25.101-b13) for linux-amd64 JRE (1.8.0_101-b13), built on Jun 22 2016 02:59:44 by "java_re" with gcc 4.3.0 20080428 (Red Hat 4.3.0-8)

time: Fri Sep  9 16:50:33 2016
elapsed time: 20 seconds (0d 0h 0m 20s)

